/home/hcj/UEFIWorkspace/Build/EmulatorX64/DEBUG_GCC48/X64/MdeModulePkg/Universal/Variable/RuntimeDxe/VariableRuntimeDxe/OUTPUT/VariableRuntimeDxe.lib
/home/hcj/UEFIWorkspace/Build/EmulatorX64/DEBUG_GCC48/X64/MdePkg/Library/RegisterFilterLibNull/RegisterFilterLibNull/OUTPUT/FilterLibNull.lib
/home/hcj/UEFIWorkspace/Build/EmulatorX64/DEBUG_GCC48/X64/MdePkg/Library/BaseDebugPrintErrorLevelLib/BaseDebugPrintErrorLevelLib/OUTPUT/BaseDebugPrintErrorLevelLib.lib
/home/hcj/UEFIWorkspace/Build/EmulatorX64/DEBUG_GCC48/X64/MdeModulePkg/Library/DxeReportStatusCodeLib/DxeReportStatusCodeLib/OUTPUT/DxeReportStatusCodeLib.lib
/home/hcj/UEFIWorkspace/Build/EmulatorX64/DEBUG_GCC48/X64/MdePkg/Library/BasePrintLib/BasePrintLib/OUTPUT/BasePrintLib.lib
/home/hcj/UEFIWorkspace/Build/EmulatorX64/DEBUG_GCC48/X64/MdePkg/Library/UefiDevicePathLib/UefiDevicePathLib/OUTPUT/UefiDevicePathLib.lib
/home/hcj/UEFIWorkspace/Build/EmulatorX64/DEBUG_GCC48/X64/MdePkg/Library/DxePcdLib/DxePcdLib/OUTPUT/DxePcdLib.lib
/home/hcj/UEFIWorkspace/Build/EmulatorX64/DEBUG_GCC48/X64/MdeModulePkg/Library/PeiDxeDebugLibReportStatusCode/PeiDxeDebugLibReportStatusCode/OUTPUT/PeiDxeDebugLibReportStatusCode.lib
/home/hcj/UEFIWorkspace/Build/EmulatorX64/DEBUG_GCC48/X64/MdePkg/Library/BaseMemoryLib/BaseMemoryLib/OUTPUT/BaseMemoryLib.lib
/home/hcj/UEFIWorkspace/Build/EmulatorX64/DEBUG_GCC48/X64/MdePkg/Library/BaseLib/BaseLib/OUTPUT/BaseLib.lib
/home/hcj/UEFIWorkspace/Build/EmulatorX64/DEBUG_GCC48/X64/MdePkg/Library/UefiMemoryAllocationLib/UefiMemoryAllocationLib/OUTPUT/UefiMemoryAllocationLib.lib
/home/hcj/UEFIWorkspace/Build/EmulatorX64/DEBUG_GCC48/X64/MdePkg/Library/UefiBootServicesTableLib/UefiBootServicesTableLib/OUTPUT/UefiBootServicesTableLib.lib
/home/hcj/UEFIWorkspace/Build/EmulatorX64/DEBUG_GCC48/X64/MdePkg/Library/UefiRuntimeServicesTableLib/UefiRuntimeServicesTableLib/OUTPUT/UefiRuntimeServicesTableLib.lib
/home/hcj/UEFIWorkspace/Build/EmulatorX64/DEBUG_GCC48/X64/MdePkg/Library/UefiLib/UefiLib/OUTPUT/UefiLib.lib
/home/hcj/UEFIWorkspace/Build/EmulatorX64/DEBUG_GCC48/X64/MdePkg/Library/DxeHobLib/DxeHobLib/OUTPUT/DxeHobLib.lib
/home/hcj/UEFIWorkspace/Build/EmulatorX64/DEBUG_GCC48/X64/EmulatorPkg/Library/DxeEmuLib/DxeEmuLib/OUTPUT/DxeEmuLib.lib
/home/hcj/UEFIWorkspace/Build/EmulatorX64/DEBUG_GCC48/X64/EmulatorPkg/Library/DxeTimerLib/DxeTimerLib/OUTPUT/EmuDxeTimerLib.lib
/home/hcj/UEFIWorkspace/Build/EmulatorX64/DEBUG_GCC48/X64/MdePkg/Library/BaseSafeIntLib/BaseSafeIntLib/OUTPUT/BaseSafeIntLib.lib
/home/hcj/UEFIWorkspace/Build/EmulatorX64/DEBUG_GCC48/X64/MdeModulePkg/Library/VarCheckLib/VarCheckLib/OUTPUT/VarCheckLib.lib
/home/hcj/UEFIWorkspace/Build/EmulatorX64/DEBUG_GCC48/X64/MdePkg/Library/BaseSynchronizationLib/BaseSynchronizationLib/OUTPUT/BaseSynchronizationLib.lib
/home/hcj/UEFIWorkspace/Build/EmulatorX64/DEBUG_GCC48/X64/MdePkg/Library/UefiRuntimeLib/UefiRuntimeLib/OUTPUT/UefiRuntimeLib.lib
/home/hcj/UEFIWorkspace/Build/EmulatorX64/DEBUG_GCC48/X64/MdePkg/Library/DxeServicesTableLib/DxeServicesTableLib/OUTPUT/DxeServicesTableLib.lib
/home/hcj/UEFIWorkspace/Build/EmulatorX64/DEBUG_GCC48/X64/MdePkg/Library/UefiDriverEntryPoint/UefiDriverEntryPoint/OUTPUT/UefiDriverEntryPoint.lib
/home/hcj/UEFIWorkspace/Build/EmulatorX64/DEBUG_GCC48/X64/MdeModulePkg/Library/TpmMeasurementLibNull/TpmMeasurementLibNull/OUTPUT/TpmMeasurementLibNull.lib
/home/hcj/UEFIWorkspace/Build/EmulatorX64/DEBUG_GCC48/X64/MdeModulePkg/Library/AuthVariableLibNull/AuthVariableLibNull/OUTPUT/AuthVariableLibNull.lib
/home/hcj/UEFIWorkspace/Build/EmulatorX64/DEBUG_GCC48/X64/MdeModulePkg/Library/VariablePolicyLib/VariablePolicyLibRuntimeDxe/OUTPUT/VariablePolicyLibRuntimeDxe.lib
/home/hcj/UEFIWorkspace/Build/EmulatorX64/DEBUG_GCC48/X64/MdeModulePkg/Library/VariablePolicyHelperLib/VariablePolicyHelperLib/OUTPUT/VariablePolicyHelperLib.lib
/home/hcj/UEFIWorkspace/Build/EmulatorX64/DEBUG_GCC48/X64/MdeModulePkg/Library/VarCheckUefiLib/VarCheckUefiLib/OUTPUT/VarCheckUefiLib.lib