/home/hcj/UEFIWorkspace/Build/MdeModule/DEBUG_GCC5/X64/MdeModulePkg/Universal/Variable/RuntimeDxe/VariableSmm/OUTPUT/VariableSmm.lib
/home/hcj/UEFIWorkspace/Build/MdeModule/DEBUG_GCC5/X64/MdePkg/Library/RegisterFilterLibNull/RegisterFilterLibNull/OUTPUT/FilterLibNull.lib
/home/hcj/UEFIWorkspace/Build/MdeModule/DEBUG_GCC5/X64/MdePkg/Library/BasePcdLibNull/BasePcdLibNull/OUTPUT/BasePcdLibNull.lib
/home/hcj/UEFIWorkspace/Build/MdeModule/DEBUG_GCC5/X64/MdePkg/Library/BaseDebugLibNull/BaseDebugLibNull/OUTPUT/BaseDebugLibNull.lib
/home/hcj/UEFIWorkspace/Build/MdeModule/DEBUG_GCC5/X64/MdePkg/Library/BaseMemoryLib/BaseMemoryLib/OUTPUT/BaseMemoryLib.lib
/home/hcj/UEFIWorkspace/Build/MdeModule/DEBUG_GCC5/X64/MdePkg/Library/BaseLib/BaseLib/OUTPUT/BaseLib.lib
/home/hcj/UEFIWorkspace/Build/MdeModule/DEBUG_GCC5/X64/MdePkg/Library/SmmServicesTableLib/SmmServicesTableLib/OUTPUT/SmmServicesTableLib.lib
/home/hcj/UEFIWorkspace/Build/MdeModule/DEBUG_GCC5/X64/MdePkg/Library/UefiBootServicesTableLib/UefiBootServicesTableLib/OUTPUT/UefiBootServicesTableLib.lib
/home/hcj/UEFIWorkspace/Build/MdeModule/DEBUG_GCC5/X64/MdePkg/Library/BasePrintLib/BasePrintLib/OUTPUT/BasePrintLib.lib
/home/hcj/UEFIWorkspace/Build/MdeModule/DEBUG_GCC5/X64/MdePkg/Library/SmmMemoryAllocationLib/SmmMemoryAllocationLib/OUTPUT/SmmMemoryAllocationLib.lib
/home/hcj/UEFIWorkspace/Build/MdeModule/DEBUG_GCC5/X64/MdePkg/Library/UefiRuntimeServicesTableLib/UefiRuntimeServicesTableLib/OUTPUT/UefiRuntimeServicesTableLib.lib
/home/hcj/UEFIWorkspace/Build/MdeModule/DEBUG_GCC5/X64/MdePkg/Library/UefiDevicePathLib/UefiDevicePathLib/OUTPUT/UefiDevicePathLib.lib
/home/hcj/UEFIWorkspace/Build/MdeModule/DEBUG_GCC5/X64/MdePkg/Library/UefiLib/UefiLib/OUTPUT/UefiLib.lib
/home/hcj/UEFIWorkspace/Build/MdeModule/DEBUG_GCC5/X64/MdePkg/Library/BaseSafeIntLib/BaseSafeIntLib/OUTPUT/BaseSafeIntLib.lib
/home/hcj/UEFIWorkspace/Build/MdeModule/DEBUG_GCC5/X64/MdePkg/Library/DxeHobLib/DxeHobLib/OUTPUT/DxeHobLib.lib
/home/hcj/UEFIWorkspace/Build/MdeModule/DEBUG_GCC5/X64/MdePkg/Library/BaseTimerLibNullTemplate/BaseTimerLibNullTemplate/OUTPUT/BaseTimerLibNullTemplate.lib
/home/hcj/UEFIWorkspace/Build/MdeModule/DEBUG_GCC5/X64/MdePkg/Library/DxeServicesTableLib/DxeServicesTableLib/OUTPUT/DxeServicesTableLib.lib
/home/hcj/UEFIWorkspace/Build/MdeModule/DEBUG_GCC5/X64/MdeModulePkg/Library/VariablePolicyHelperLib/VariablePolicyHelperLib/OUTPUT/VariablePolicyHelperLib.lib
/home/hcj/UEFIWorkspace/Build/MdeModule/DEBUG_GCC5/X64/MdeModulePkg/Library/VariablePolicyLib/VariablePolicyLib/OUTPUT/VariablePolicyLib.lib
/home/hcj/UEFIWorkspace/Build/MdeModule/DEBUG_GCC5/X64/MdeModulePkg/Library/VarCheckLib/VarCheckLib/OUTPUT/VarCheckLib.lib
/home/hcj/UEFIWorkspace/Build/MdeModule/DEBUG_GCC5/X64/MdePkg/Library/MmServicesTableLib/MmServicesTableLib/OUTPUT/MmServicesTableLib.lib
/home/hcj/UEFIWorkspace/Build/MdeModule/DEBUG_GCC5/X64/MdePkg/Library/DxeServicesLib/DxeServicesLib/OUTPUT/DxeServicesLib.lib
/home/hcj/UEFIWorkspace/Build/MdeModule/DEBUG_GCC5/X64/MdePkg/Library/UefiDriverEntryPoint/UefiDriverEntryPoint/OUTPUT/UefiDriverEntryPoint.lib
/home/hcj/UEFIWorkspace/Build/MdeModule/DEBUG_GCC5/X64/MdePkg/Library/BaseSynchronizationLib/BaseSynchronizationLib/OUTPUT/BaseSynchronizationLib.lib
/home/hcj/UEFIWorkspace/Build/MdeModule/DEBUG_GCC5/X64/MdePkg/Library/SmmMemLib/SmmMemLib/OUTPUT/SmmMemLib.lib
/home/hcj/UEFIWorkspace/Build/MdeModule/DEBUG_GCC5/X64/MdeModulePkg/Library/AuthVariableLibNull/AuthVariableLibNull/OUTPUT/AuthVariableLibNull.lib
/home/hcj/UEFIWorkspace/Build/MdeModule/DEBUG_GCC5/X64/MdeModulePkg/Library/VarCheckPolicyLib/VarCheckPolicyLib/OUTPUT/VarCheckPolicyLib.lib
/home/hcj/UEFIWorkspace/Build/MdeModule/DEBUG_GCC5/X64/MdeModulePkg/Library/VarCheckUefiLib/VarCheckUefiLib/OUTPUT/VarCheckUefiLib.lib
/home/hcj/UEFIWorkspace/Build/MdeModule/DEBUG_GCC5/X64/MdeModulePkg/Library/VarCheckHiiLib/VarCheckHiiLib/OUTPUT/VarCheckHiiLib.lib
/home/hcj/UEFIWorkspace/Build/MdeModule/DEBUG_GCC5/X64/MdeModulePkg/Library/VarCheckPcdLib/VarCheckPcdLib/OUTPUT/VarCheckPcdLib.lib