/home/hcj/UEFIWorkspace/Build/HcjPkg/DEBUG_GCC5/X64/StdLib/BsdSocketLib/BsdSocketLib/OUTPUT/accept.obj
/home/hcj/UEFIWorkspace/Build/HcjPkg/DEBUG_GCC5/X64/StdLib/BsdSocketLib/BsdSocketLib/OUTPUT/base64.obj
/home/hcj/UEFIWorkspace/Build/HcjPkg/DEBUG_GCC5/X64/StdLib/BsdSocketLib/BsdSocketLib/OUTPUT/bind.obj
/home/hcj/UEFIWorkspace/Build/HcjPkg/DEBUG_GCC5/X64/StdLib/BsdSocketLib/BsdSocketLib/OUTPUT/close.obj
/home/hcj/UEFIWorkspace/Build/HcjPkg/DEBUG_GCC5/X64/StdLib/BsdSocketLib/BsdSocketLib/OUTPUT/connect.obj
/home/hcj/UEFIWorkspace/Build/HcjPkg/DEBUG_GCC5/X64/StdLib/BsdSocketLib/BsdSocketLib/OUTPUT/getaddrinfo.obj
/home/hcj/UEFIWorkspace/Build/HcjPkg/DEBUG_GCC5/X64/StdLib/BsdSocketLib/BsdSocketLib/OUTPUT/gethostbydns.obj
/home/hcj/UEFIWorkspace/Build/HcjPkg/DEBUG_GCC5/X64/StdLib/BsdSocketLib/BsdSocketLib/OUTPUT/gethostbyht.obj
/home/hcj/UEFIWorkspace/Build/HcjPkg/DEBUG_GCC5/X64/StdLib/BsdSocketLib/BsdSocketLib/OUTPUT/gethostbynis.obj
/home/hcj/UEFIWorkspace/Build/HcjPkg/DEBUG_GCC5/X64/StdLib/BsdSocketLib/BsdSocketLib/OUTPUT/gethostname.obj
/home/hcj/UEFIWorkspace/Build/HcjPkg/DEBUG_GCC5/X64/StdLib/BsdSocketLib/BsdSocketLib/OUTPUT/gethostnamadr.obj
/home/hcj/UEFIWorkspace/Build/HcjPkg/DEBUG_GCC5/X64/StdLib/BsdSocketLib/BsdSocketLib/OUTPUT/getnameinfo.obj
/home/hcj/UEFIWorkspace/Build/HcjPkg/DEBUG_GCC5/X64/StdLib/BsdSocketLib/BsdSocketLib/OUTPUT/getnetbydns.obj
/home/hcj/UEFIWorkspace/Build/HcjPkg/DEBUG_GCC5/X64/StdLib/BsdSocketLib/BsdSocketLib/OUTPUT/getnetbynis.obj
/home/hcj/UEFIWorkspace/Build/HcjPkg/DEBUG_GCC5/X64/StdLib/BsdSocketLib/BsdSocketLib/OUTPUT/getnetbyht.obj
/home/hcj/UEFIWorkspace/Build/HcjPkg/DEBUG_GCC5/X64/StdLib/BsdSocketLib/BsdSocketLib/OUTPUT/getnetnamadr.obj
/home/hcj/UEFIWorkspace/Build/HcjPkg/DEBUG_GCC5/X64/StdLib/BsdSocketLib/BsdSocketLib/OUTPUT/getpeername.obj
/home/hcj/UEFIWorkspace/Build/HcjPkg/DEBUG_GCC5/X64/StdLib/BsdSocketLib/BsdSocketLib/OUTPUT/getprotoent.obj
/home/hcj/UEFIWorkspace/Build/HcjPkg/DEBUG_GCC5/X64/StdLib/BsdSocketLib/BsdSocketLib/OUTPUT/getprotoname.obj
/home/hcj/UEFIWorkspace/Build/HcjPkg/DEBUG_GCC5/X64/StdLib/BsdSocketLib/BsdSocketLib/OUTPUT/getproto.obj
/home/hcj/UEFIWorkspace/Build/HcjPkg/DEBUG_GCC5/X64/StdLib/BsdSocketLib/BsdSocketLib/OUTPUT/getservbyname.obj
/home/hcj/UEFIWorkspace/Build/HcjPkg/DEBUG_GCC5/X64/StdLib/BsdSocketLib/BsdSocketLib/OUTPUT/getservbyport.obj
/home/hcj/UEFIWorkspace/Build/HcjPkg/DEBUG_GCC5/X64/StdLib/BsdSocketLib/BsdSocketLib/OUTPUT/getservent.obj
/home/hcj/UEFIWorkspace/Build/HcjPkg/DEBUG_GCC5/X64/StdLib/BsdSocketLib/BsdSocketLib/OUTPUT/getsockname.obj
/home/hcj/UEFIWorkspace/Build/HcjPkg/DEBUG_GCC5/X64/StdLib/BsdSocketLib/BsdSocketLib/OUTPUT/getsockopt.obj
/home/hcj/UEFIWorkspace/Build/HcjPkg/DEBUG_GCC5/X64/StdLib/BsdSocketLib/BsdSocketLib/OUTPUT/herror.obj
/home/hcj/UEFIWorkspace/Build/HcjPkg/DEBUG_GCC5/X64/StdLib/BsdSocketLib/BsdSocketLib/OUTPUT/inet_net_ntop.obj
/home/hcj/UEFIWorkspace/Build/HcjPkg/DEBUG_GCC5/X64/StdLib/BsdSocketLib/BsdSocketLib/OUTPUT/inet_net_pton.obj
/home/hcj/UEFIWorkspace/Build/HcjPkg/DEBUG_GCC5/X64/StdLib/BsdSocketLib/BsdSocketLib/OUTPUT/inet_neta.obj
/home/hcj/UEFIWorkspace/Build/HcjPkg/DEBUG_GCC5/X64/StdLib/BsdSocketLib/BsdSocketLib/OUTPUT/inet_pton.obj
/home/hcj/UEFIWorkspace/Build/HcjPkg/DEBUG_GCC5/X64/StdLib/BsdSocketLib/BsdSocketLib/OUTPUT/Ip6Addr_Any.obj
/home/hcj/UEFIWorkspace/Build/HcjPkg/DEBUG_GCC5/X64/StdLib/BsdSocketLib/BsdSocketLib/OUTPUT/Ip6Addr_Loopback.obj
/home/hcj/UEFIWorkspace/Build/HcjPkg/DEBUG_GCC5/X64/StdLib/BsdSocketLib/BsdSocketLib/OUTPUT/Ip6Addr_NodeLocal_AllNodes.obj
/home/hcj/UEFIWorkspace/Build/HcjPkg/DEBUG_GCC5/X64/StdLib/BsdSocketLib/BsdSocketLib/OUTPUT/Ip6Addr_LinkLocal_AllNodes.obj
/home/hcj/UEFIWorkspace/Build/HcjPkg/DEBUG_GCC5/X64/StdLib/BsdSocketLib/BsdSocketLib/OUTPUT/Ip6Addr_LinkLocal_AllRouters.obj
/home/hcj/UEFIWorkspace/Build/HcjPkg/DEBUG_GCC5/X64/StdLib/BsdSocketLib/BsdSocketLib/OUTPUT/listen.obj
/home/hcj/UEFIWorkspace/Build/HcjPkg/DEBUG_GCC5/X64/StdLib/BsdSocketLib/BsdSocketLib/OUTPUT/map_v4v6.obj
/home/hcj/UEFIWorkspace/Build/HcjPkg/DEBUG_GCC5/X64/StdLib/BsdSocketLib/BsdSocketLib/OUTPUT/ns_addr.obj
/home/hcj/UEFIWorkspace/Build/HcjPkg/DEBUG_GCC5/X64/StdLib/BsdSocketLib/BsdSocketLib/OUTPUT/ns_name.obj
/home/hcj/UEFIWorkspace/Build/HcjPkg/DEBUG_GCC5/X64/StdLib/BsdSocketLib/BsdSocketLib/OUTPUT/ns_netint.obj
/home/hcj/UEFIWorkspace/Build/HcjPkg/DEBUG_GCC5/X64/StdLib/BsdSocketLib/BsdSocketLib/OUTPUT/ns_ntoa.obj
/home/hcj/UEFIWorkspace/Build/HcjPkg/DEBUG_GCC5/X64/StdLib/BsdSocketLib/BsdSocketLib/OUTPUT/ns_parse.obj
/home/hcj/UEFIWorkspace/Build/HcjPkg/DEBUG_GCC5/X64/StdLib/BsdSocketLib/BsdSocketLib/OUTPUT/ns_print.obj
/home/hcj/UEFIWorkspace/Build/HcjPkg/DEBUG_GCC5/X64/StdLib/BsdSocketLib/BsdSocketLib/OUTPUT/ns_ttl.obj
/home/hcj/UEFIWorkspace/Build/HcjPkg/DEBUG_GCC5/X64/StdLib/BsdSocketLib/BsdSocketLib/OUTPUT/nsap_addr.obj
/home/hcj/UEFIWorkspace/Build/HcjPkg/DEBUG_GCC5/X64/StdLib/BsdSocketLib/BsdSocketLib/OUTPUT/poll.obj
/home/hcj/UEFIWorkspace/Build/HcjPkg/DEBUG_GCC5/X64/StdLib/BsdSocketLib/BsdSocketLib/OUTPUT/read.obj
/home/hcj/UEFIWorkspace/Build/HcjPkg/DEBUG_GCC5/X64/StdLib/BsdSocketLib/BsdSocketLib/OUTPUT/recv.obj
/home/hcj/UEFIWorkspace/Build/HcjPkg/DEBUG_GCC5/X64/StdLib/BsdSocketLib/BsdSocketLib/OUTPUT/recvfrom.obj
/home/hcj/UEFIWorkspace/Build/HcjPkg/DEBUG_GCC5/X64/StdLib/BsdSocketLib/BsdSocketLib/OUTPUT/res_comp.obj
/home/hcj/UEFIWorkspace/Build/HcjPkg/DEBUG_GCC5/X64/StdLib/BsdSocketLib/BsdSocketLib/OUTPUT/res_data.obj
/home/hcj/UEFIWorkspace/Build/HcjPkg/DEBUG_GCC5/X64/StdLib/BsdSocketLib/BsdSocketLib/OUTPUT/res_debug.obj
/home/hcj/UEFIWorkspace/Build/HcjPkg/DEBUG_GCC5/X64/StdLib/BsdSocketLib/BsdSocketLib/OUTPUT/res_init.obj
/home/hcj/UEFIWorkspace/Build/HcjPkg/DEBUG_GCC5/X64/StdLib/BsdSocketLib/BsdSocketLib/OUTPUT/res_mkquery.obj
/home/hcj/UEFIWorkspace/Build/HcjPkg/DEBUG_GCC5/X64/StdLib/BsdSocketLib/BsdSocketLib/OUTPUT/res_mkupdate.obj
/home/hcj/UEFIWorkspace/Build/HcjPkg/DEBUG_GCC5/X64/StdLib/BsdSocketLib/BsdSocketLib/OUTPUT/res_query.obj
/home/hcj/UEFIWorkspace/Build/HcjPkg/DEBUG_GCC5/X64/StdLib/BsdSocketLib/BsdSocketLib/OUTPUT/res_send.obj
/home/hcj/UEFIWorkspace/Build/HcjPkg/DEBUG_GCC5/X64/StdLib/BsdSocketLib/BsdSocketLib/OUTPUT/res_update.obj
/home/hcj/UEFIWorkspace/Build/HcjPkg/DEBUG_GCC5/X64/StdLib/BsdSocketLib/BsdSocketLib/OUTPUT/send.obj
/home/hcj/UEFIWorkspace/Build/HcjPkg/DEBUG_GCC5/X64/StdLib/BsdSocketLib/BsdSocketLib/OUTPUT/sendto.obj
/home/hcj/UEFIWorkspace/Build/HcjPkg/DEBUG_GCC5/X64/StdLib/BsdSocketLib/BsdSocketLib/OUTPUT/sethostname.obj
/home/hcj/UEFIWorkspace/Build/HcjPkg/DEBUG_GCC5/X64/StdLib/BsdSocketLib/BsdSocketLib/OUTPUT/setsockopt.obj
/home/hcj/UEFIWorkspace/Build/HcjPkg/DEBUG_GCC5/X64/StdLib/BsdSocketLib/BsdSocketLib/OUTPUT/shutdown.obj
/home/hcj/UEFIWorkspace/Build/HcjPkg/DEBUG_GCC5/X64/StdLib/BsdSocketLib/BsdSocketLib/OUTPUT/socket.obj
/home/hcj/UEFIWorkspace/Build/HcjPkg/DEBUG_GCC5/X64/StdLib/BsdSocketLib/BsdSocketLib/OUTPUT/write.obj