/home/hcj/UEFIWorkspace/Build/OvmfX64/DEBUG_GCC5/X64/MdeModulePkg/Core/RuntimeDxe/RuntimeDxe/OUTPUT/RuntimeDxe.lib
/home/hcj/UEFIWorkspace/Build/OvmfX64/DEBUG_GCC5/X64/MdePkg/Library/RegisterFilterLibNull/RegisterFilterLibNull/OUTPUT/FilterLibNull.lib
/home/hcj/UEFIWorkspace/Build/OvmfX64/DEBUG_GCC5/X64/MdePkg/Library/BaseMemoryLibRepStr/BaseMemoryLibRepStr/OUTPUT/BaseMemoryLibRepStr.lib
/home/hcj/UEFIWorkspace/Build/OvmfX64/DEBUG_GCC5/X64/MdePkg/Library/DxePcdLib/DxePcdLib/OUTPUT/DxePcdLib.lib
/home/hcj/UEFIWorkspace/Build/OvmfX64/DEBUG_GCC5/X64/MdePkg/Library/BaseLib/BaseLib/OUTPUT/BaseLib.lib
/home/hcj/UEFIWorkspace/Build/OvmfX64/DEBUG_GCC5/X64/MdePkg/Library/BaseDebugPrintErrorLevelLib/BaseDebugPrintErrorLevelLib/OUTPUT/BaseDebugPrintErrorLevelLib.lib
/home/hcj/UEFIWorkspace/Build/OvmfX64/DEBUG_GCC5/X64/MdePkg/Library/BasePrintLib/BasePrintLib/OUTPUT/BasePrintLib.lib
/home/hcj/UEFIWorkspace/Build/OvmfX64/DEBUG_GCC5/X64/MdePkg/Library/BaseIoLibIntrinsic/BaseIoLibIntrinsicSev/OUTPUT/BaseIoLibIntrinsicSev.lib
/home/hcj/UEFIWorkspace/Build/OvmfX64/DEBUG_GCC5/X64/OvmfPkg/Library/PlatformDebugLibIoPort/PlatformDebugLibIoPort/OUTPUT/PlatformDebugLibIoPort.lib
/home/hcj/UEFIWorkspace/Build/OvmfX64/DEBUG_GCC5/X64/MdePkg/Library/UefiBootServicesTableLib/UefiBootServicesTableLib/OUTPUT/UefiBootServicesTableLib.lib
/home/hcj/UEFIWorkspace/Build/OvmfX64/DEBUG_GCC5/X64/MdePkg/Library/UefiMemoryAllocationLib/UefiMemoryAllocationLib/OUTPUT/UefiMemoryAllocationLib.lib
/home/hcj/UEFIWorkspace/Build/OvmfX64/DEBUG_GCC5/X64/MdePkg/Library/UefiRuntimeServicesTableLib/UefiRuntimeServicesTableLib/OUTPUT/UefiRuntimeServicesTableLib.lib
/home/hcj/UEFIWorkspace/Build/OvmfX64/DEBUG_GCC5/X64/MdePkg/Library/BasePeCoffExtraActionLibNull/BasePeCoffExtraActionLibNull/OUTPUT/PeCoffExtraActionLibNull.lib
/home/hcj/UEFIWorkspace/Build/OvmfX64/DEBUG_GCC5/X64/MdePkg/Library/UefiDevicePathLibDevicePathProtocol/UefiDevicePathLibDevicePathProtocol/OUTPUT/UefiDevicePathLibDevicePathProtocol.lib
/home/hcj/UEFIWorkspace/Build/OvmfX64/DEBUG_GCC5/X64/MdePkg/Library/UefiRuntimeLib/UefiRuntimeLib/OUTPUT/UefiRuntimeLib.lib
/home/hcj/UEFIWorkspace/Build/OvmfX64/DEBUG_GCC5/X64/MdePkg/Library/BasePeCoffLib/BasePeCoffLib/OUTPUT/BasePeCoffLib.lib
/home/hcj/UEFIWorkspace/Build/OvmfX64/DEBUG_GCC5/X64/MdePkg/Library/BaseCacheMaintenanceLib/BaseCacheMaintenanceLib/OUTPUT/BaseCacheMaintenanceLib.lib
/home/hcj/UEFIWorkspace/Build/OvmfX64/DEBUG_GCC5/X64/MdePkg/Library/UefiLib/UefiLib/OUTPUT/UefiLib.lib
/home/hcj/UEFIWorkspace/Build/OvmfX64/DEBUG_GCC5/X64/MdeModulePkg/Library/RuntimeDxeReportStatusCodeLib/RuntimeDxeReportStatusCodeLib/OUTPUT/RuntimeDxeReportStatusCodeLib.lib
/home/hcj/UEFIWorkspace/Build/OvmfX64/DEBUG_GCC5/X64/MdePkg/Library/UefiDriverEntryPoint/UefiDriverEntryPoint/OUTPUT/UefiDriverEntryPoint.lib