/home/hcj/UEFIWorkspace/Build/HcjPkg/DEBUG_GCC5/X64/StdLib/LibC/gdtoa/gdtoa/OUTPUT/LibGdtoa.lib
/home/hcj/UEFIWorkspace/Build/HcjPkg/DEBUG_GCC5/X64/MdePkg/Library/UefiApplicationEntryPoint/UefiApplicationEntryPoint/OUTPUT/UefiApplicationEntryPoint.lib
/home/hcj/UEFIWorkspace/Build/HcjPkg/DEBUG_GCC5/X64/MdePkg/Library/RegisterFilterLibNull/RegisterFilterLibNull/OUTPUT/FilterLibNull.lib
/home/hcj/UEFIWorkspace/Build/HcjPkg/DEBUG_GCC5/X64/StdLib/PosixLib/Gen/LibGen/OUTPUT/LibGen.lib
/home/hcj/UEFIWorkspace/Build/HcjPkg/DEBUG_GCC5/X64/StdLib/LibC/Time/Time/OUTPUT/LibTime.lib
/home/hcj/UEFIWorkspace/Build/HcjPkg/DEBUG_GCC5/X64/StdLib/LibC/Locale/Locale/OUTPUT/LibLocale.lib
/home/hcj/UEFIWorkspace/Build/HcjPkg/DEBUG_GCC5/X64/StdLib/LibC/Uefi/Uefi/OUTPUT/LibUefi.lib
/home/hcj/UEFIWorkspace/Build/HcjPkg/DEBUG_GCC5/X64/StdLib/LibC/Signal/Signal/OUTPUT/LibSignal.lib
/home/hcj/UEFIWorkspace/Build/HcjPkg/DEBUG_GCC5/X64/StdLib/LibC/Ctype/Ctype/OUTPUT/LibCtype.lib
/home/hcj/UEFIWorkspace/Build/HcjPkg/DEBUG_GCC5/X64/MdePkg/Library/BasePcdLibNull/BasePcdLibNull/OUTPUT/BasePcdLibNull.lib
/home/hcj/UEFIWorkspace/Build/HcjPkg/DEBUG_GCC5/X64/MdePkg/Library/BasePrintLib/BasePrintLib/OUTPUT/BasePrintLib.lib
/home/hcj/UEFIWorkspace/Build/HcjPkg/DEBUG_GCC5/X64/StdLib/LibC/String/String/OUTPUT/LibString.lib
/home/hcj/UEFIWorkspace/Build/HcjPkg/DEBUG_GCC5/X64/StdLib/LibC/StdLib/StdLib/OUTPUT/LibStdLib.lib
/home/hcj/UEFIWorkspace/Build/HcjPkg/DEBUG_GCC5/X64/StdLib/LibC/Uefi/Devices/daUtility/OUTPUT/DevUtility.lib
/home/hcj/UEFIWorkspace/Build/HcjPkg/DEBUG_GCC5/X64/MdePkg/Library/BaseLib/BaseLib/OUTPUT/BaseLib.lib
/home/hcj/UEFIWorkspace/Build/HcjPkg/DEBUG_GCC5/X64/MdePkg/Library/UefiMemoryAllocationLib/UefiMemoryAllocationLib/OUTPUT/UefiMemoryAllocationLib.lib
/home/hcj/UEFIWorkspace/Build/HcjPkg/DEBUG_GCC5/X64/MdePkg/Library/BaseDebugLibNull/BaseDebugLibNull/OUTPUT/BaseDebugLibNull.lib
/home/hcj/UEFIWorkspace/Build/HcjPkg/DEBUG_GCC5/X64/MdePkg/Library/BaseMemoryLib/BaseMemoryLib/OUTPUT/BaseMemoryLib.lib
/home/hcj/UEFIWorkspace/Build/HcjPkg/DEBUG_GCC5/X64/ShellPkg/Library/UefiShellCEntryLib/UefiShellCEntryLib/OUTPUT/UefiShellCEntryLib.lib
/home/hcj/UEFIWorkspace/Build/HcjPkg/DEBUG_GCC5/X64/StdLib/LibC/Stdio/Stdio/OUTPUT/LibStdio.lib
/home/hcj/UEFIWorkspace/Build/HcjPkg/DEBUG_GCC5/X64/StdLib/LibC/LibC/OUTPUT/LibC.lib
/home/hcj/UEFIWorkspace/Build/HcjPkg/DEBUG_GCC5/X64/StdLib/LibC/Containers/ContainerLib/OUTPUT/LibContainer.lib
/home/hcj/UEFIWorkspace/Build/HcjPkg/DEBUG_GCC5/X64/StdLib/LibC/Uefi/InteractiveIO/IIO/OUTPUT/LibIIO.lib
/home/hcj/UEFIWorkspace/Build/HcjPkg/DEBUG_GCC5/X64/StdLib/LibC/Wchar/Wchar/OUTPUT/LibWchar.lib
/home/hcj/UEFIWorkspace/Build/HcjPkg/DEBUG_GCC5/X64/MdePkg/Library/UefiBootServicesTableLib/UefiBootServicesTableLib/OUTPUT/UefiBootServicesTableLib.lib
/home/hcj/UEFIWorkspace/Build/HcjPkg/DEBUG_GCC5/X64/StdLib/LibC/Uefi/Devices/daConsole/OUTPUT/DevConsole.lib
/home/hcj/UEFIWorkspace/Build/HcjPkg/DEBUG_GCC5/X64/MdePkg/Library/UefiDevicePathLib/UefiDevicePathLib/OUTPUT/UefiDevicePathLib.lib
/home/hcj/UEFIWorkspace/Build/HcjPkg/DEBUG_GCC5/X64/MdePkg/Library/UefiRuntimeServicesTableLib/UefiRuntimeServicesTableLib/OUTPUT/UefiRuntimeServicesTableLib.lib
/home/hcj/UEFIWorkspace/Build/HcjPkg/DEBUG_GCC5/X64/MdeModulePkg/Library/UefiSortLib/UefiSortLib/OUTPUT/UefiSortLib.lib
/home/hcj/UEFIWorkspace/Build/HcjPkg/DEBUG_GCC5/X64/MdeModulePkg/Library/UefiHiiLib/UefiHiiLib/OUTPUT/UefiHiiLib.lib
/home/hcj/UEFIWorkspace/Build/HcjPkg/DEBUG_GCC5/X64/MdePkg/Library/UefiFileHandleLib/UefiFileHandleLib/OUTPUT/UefiFileHandleLib.lib
/home/hcj/UEFIWorkspace/Build/HcjPkg/DEBUG_GCC5/X64/MdePkg/Library/UefiLib/UefiLib/OUTPUT/UefiLib.lib
/home/hcj/UEFIWorkspace/Build/HcjPkg/DEBUG_GCC5/X64/ShellPkg/Library/UefiShellLib/UefiShellLib/OUTPUT/UefiShellLib.lib
/home/hcj/UEFIWorkspace/Build/HcjPkg/DEBUG_GCC5/X64/MdeModulePkg/Library/UefiHiiServicesLib/UefiHiiServicesLib/OUTPUT/UefiHiiServicesLib.lib
/home/hcj/UEFIWorkspace/Build/HcjPkg/DEBUG_GCC5/X64/MdePkg/Library/DxeHobLib/DxeHobLib/OUTPUT/DxeHobLib.lib
/home/hcj/UEFIWorkspace/Build/HcjPkg/DEBUG_GCC5/X64/MdePkg/Library/BasePeCoffGetEntryPointLib/BasePeCoffGetEntryPointLib/OUTPUT/BasePeCoffGetEntryPointLib.lib
/home/hcj/UEFIWorkspace/Build/HcjPkg/DEBUG_GCC5/X64/MdePkg/Library/BaseReportStatusCodeLibNull/BaseReportStatusCodeLibNull/OUTPUT/BaseReportStatusCodeLibNull.lib
/home/hcj/UEFIWorkspace/Build/HcjPkg/DEBUG_GCC5/X64/MdePkg/Library/DxeServicesLib/DxeServicesLib/OUTPUT/DxeServicesLib.lib
/home/hcj/UEFIWorkspace/Build/HcjPkg/DEBUG_GCC5/X64/MdePkg/Library/DxeServicesTableLib/DxeServicesTableLib/OUTPUT/DxeServicesTableLib.lib
/home/hcj/UEFIWorkspace/Build/HcjPkg/DEBUG_GCC5/X64/MdeModulePkg/Library/DxePerformanceLib/DxePerformanceLib/OUTPUT/DxePerformanceLib.lib
/home/hcj/UEFIWorkspace/Build/HcjPkg/DEBUG_GCC5/X64/MdePkg/Library/BaseOrderedCollectionRedBlackTreeLib/BaseOrderedCollectionRedBlackTreeLib/OUTPUT/BaseOrderedCollectionRedBlackTreeLib.lib
/home/hcj/UEFIWorkspace/Build/HcjPkg/DEBUG_GCC5/X64/ShellPkg/Library/UefiHandleParsingLib/UefiHandleParsingLib/OUTPUT/UefiHandleParsingLib.lib
/home/hcj/UEFIWorkspace/Build/HcjPkg/DEBUG_GCC5/X64/MdeModulePkg/Library/UefiBootManagerLib/UefiBootManagerLib/OUTPUT/UefiBootManagerLib.lib
/home/hcj/UEFIWorkspace/Build/HcjPkg/DEBUG_GCC5/X64/ShellPkg/Library/UefiShellCommandLib/UefiShellCommandLib/OUTPUT/UefiShellCommandLib.lib
/home/hcj/UEFIWorkspace/Build/HcjPkg/DEBUG_GCC5/X64/ShellPkg/Library/UefiShellBcfgCommandLib/UefiShellBcfgCommandLib/OUTPUT/UefiShellBcfgCommandLib.lib
/home/hcj/UEFIWorkspace/Build/HcjPkg/DEBUG_GCC5/X64/MdePkg/Library/BaseIoLibIntrinsic/BaseIoLibIntrinsic/OUTPUT/BaseIoLibIntrinsic.lib
/home/hcj/UEFIWorkspace/Build/HcjPkg/DEBUG_GCC5/X64/StdLib/LibC/NetUtil/NetUtil/OUTPUT/LibNetUtil.lib
/home/hcj/UEFIWorkspace/Build/HcjPkg/DEBUG_GCC5/X64/ShellPkg/Library/UefiShellDebug1CommandsLib/UefiShellDebug1CommandsLib/OUTPUT/UefiShellDebug1CommandsLib.lib
/home/hcj/UEFIWorkspace/Build/HcjPkg/DEBUG_GCC5/X64/StdLib/LibC/Uefi/Devices/daShell/OUTPUT/DevShell.lib
/home/hcj/UEFIWorkspace/Build/HcjPkg/DEBUG_GCC5/X64/StdLib/BsdSocketLib/BsdSocketLib/OUTPUT/BsdSocketLib.lib
/home/hcj/UEFIWorkspace/Build/HcjPkg/DEBUG_GCC5/X64/StdLib/EfiSocketLib/EfiSocketLib/OUTPUT/EfiSocketLib.lib
/home/hcj/UEFIWorkspace/Build/HcjPkg/DEBUG_GCC5/X64/HcjPkg/Applications/Security_lab/Security_lab/OUTPUT/Security_lab.lib