SecCoreStartupWithStack(0xFFFCC000, 0x820000)
Register PPI Notify: DCD0BE23-9586-40F4-B643-06522CED4EDE
Install PPI: 8C8CE578-8A3D-4F1C-9935-896185C32DD3
Install PPI: 5473C07A-3DCB-4DCA-BD6F-1E9689E7349A
The 0th FV start address is 0x00000820000, size is 0x000E0000, handle is 0x820000
Register PPI Notify: 49EDB1C1-BF21-4761-BB12-EB0031AABB39
Register PPI Notify: EA7CA24B-DED5-4DAD-A389-BF827E8F9B38
Install PPI: B9E0ABFE-5979-4914-977F-6DEE78C278A6
Install PPI: DBE23AA9-A345-4B97-85B6-B226F1617389
DiscoverPeimsAndOrderWithApriori(): Found 0x7 PEI FFS files in the 0th FV
Loading PEIM 9B3ADA4F-AE56-4C24-8DEA-F03B7558AE50
Loading PEIM at 0x0000082DFC0 EntryPoint=0x0000082EB4A PcdPeim.efi
Install PPI: 06E81C58-4AD7-44BC-8390-F10265F72480
Install PPI: 01F34D25-4DE2-23AD-3FF3-36353FF323F1
Install PPI: 4D8B155B-C059-4C8F-8926-06FD4331DB8A
Install PPI: A60C6B59-E459-425D-9C69-0BCC9CB27D81
Register PPI Notify: 605EA650-C65C-42E1-BA80-91A52AB618C6
Loading PEIM A3610442-E69F-4DF3-82CA-2360C4031A23
Loading PEIM at 0x000008333C0 EntryPoint=0x00000834887 ReportStatusCodeRouterPei.efi
Install PPI: 0065D394-9951-4144-82A3-0AFC8579C251
Install PPI: 229832D3-7A30-4B36-B827-F40CB7D45436
Loading PEIM 9D225237-FA01-464C-A949-BAABC02D31D0
Loading PEIM at 0x000008355C0 EntryPoint=0x000008359C8 StatusCodeHandlerPei.efi
Loading PEIM 222C386D-5ABC-4FB4-B124-FBB82488ACF4
Loading PEIM at 0x000008378C0 EntryPoint=0x0000083CB22 PlatformPei.efi
Select Item: 0x0
FW CFG Signature: 0x554D4551
Select Item: 0x1
FW CFG Revision: 0x3
QemuFwCfg interface (DMA) is supported.
Platform PEIM Loaded
CMOS:
00: 57 00 28 00 09 00 02 17 01 22 26 02 00 80 00 00
10: 50 00 F0 00 07 80 02 FF FF 2F 00 00 04 10 FF FF
20: C8 00 04 3F 00 00 00 00 00 00 00 00 00 00 00 00
30: FF FF 20 00 00 07 00 20 30 00 00 00 00 12 00 00
40: 00 00 00 00 00 00 00 00 00 00 00 00 00 00 00 00
50: 00 00 00 00 00 00 00 00 00 00 00 00 00 00 00 00
60: 00 00 00 00 00 00 00 00 00 00 00 00 00 00 00 00
70: 00 00 00 00 00 00 00 00 00 00 00 00 00 00 00 00
Select Item: 0x19
Select Item: 0x27
S3 support was detected on QEMU
Install PPI: 7408D748-FC8C-4EE6-9288-C4BEC092A410
Select Item: 0x19
Select Item: 0x24
Select Item: 0x19
Select Item: 0x19
GetFirstNonAddress: Pci64Base=0x800000000 Pci64Size=0x800000000
Select Item: 0x5
MaxCpuCountInitialization: QEMU v2.7 reset bug: BootCpuCount=1 Present=0
MaxCpuCountInitialization: BootCpuCount=0 mMaxCpuCount=1
Select Item: 0x19
Select Item: 0x24
PublishPeiMemory: mPhysMemAddressWidth=36 PeiMemoryCap=65800 KB
PeiInstallPeiMemory MemoryBegin 0x3F36000, MemoryLength 0x4042000
Select Item: 0x19
Select Item: 0x24
QemuInitializeRam called
Select Item: 0x19
Select Item: 0x24
Select Item: 0x19
Select Item: 0x24
Reserved variable store memory: 0x7EF4000; size: 528kb
Platform PEI Firmware Volume Initialization
Install PPI: 49EDB1C1-BF21-4761-BB12-EB0031AABB39
Notify: PPI Guid: 49EDB1C1-BF21-4761-BB12-EB0031AABB39, Peim notify entry point: 82A5B1
The 1th FV start address is 0x00000900000, size is 0x00C00000, handle is 0x900000
Select Item: 0x19
Select Item: 0x24
Select Item: 0x19
Register PPI Notify: EE16160A-E8BE-47A6-820A-C6900DB0250A
Select Item: 0x19
Temp Stack : BaseAddress=0x818000 Length=0x8000
Temp Heap  : BaseAddress=0x810000 Length=0x8000
Total temporary memory:    65536 bytes.
  temporary memory stack ever used:       29784 bytes.
  temporary memory heap used for HobList: 6808 bytes.
  temporary memory heap occupied by memory pages: 0 bytes.
Memory Allocation 0x0000000A 0x7F78000 - 0x7FFFFFF
Memory Allocation 0x0000000A 0x810000 - 0x81FFFF
Memory Allocation 0x0000000A 0x807000 - 0x807FFF
Memory Allocation 0x0000000A 0x800000 - 0x805FFF
Memory Allocation 0x0000000A 0x806000 - 0x806FFF
Memory Allocation 0x0000000A 0x80B000 - 0x80BFFF
Memory Allocation 0x00000006 0x7EF4000 - 0x7F77FFF
Memory Allocation 0x0000000A 0x820000 - 0x8FFFFF
Memory Allocation 0x00000004 0x900000 - 0x14FFFFF
Old Stack size 32768, New stack size 131072
Stack Hob: BaseAddress=0x3F36000 Length=0x20000
Heap Offset = 0x3746000 Stack Offset = 0x3736000
TemporaryRamMigration(0x810000, 0x3F4E000, 0x10000)
Loading PEIM 52C05B14-0B98-496C-BC3B-04B50211D680
Loading PEIM at 0x00007EE6000 EntryPoint=0x00007EED23A PeiCore.efi
Reinstall PPI: 8C8CE578-8A3D-4F1C-9935-896185C32DD3
Reinstall PPI: 5473C07A-3DCB-4DCA-BD6F-1E9689E7349A
Reinstall PPI: B9E0ABFE-5979-4914-977F-6DEE78C278A6
Install PPI: F894643D-C449-42D1-8EA8-85BDD8C65BDE
Loading PEIM 9B3ADA4F-AE56-4C24-8DEA-F03B7558AE50
Loading PEIM at 0x00007EE0000 EntryPoint=0x00007EE0B8A PcdPeim.efi
Reinstall PPI: 06E81C58-4AD7-44BC-8390-F10265F72480
Reinstall PPI: 4D8B155B-C059-4C8F-8926-06FD4331DB8A
Reinstall PPI: 01F34D25-4DE2-23AD-3FF3-36353FF323F1
Reinstall PPI: A60C6B59-E459-425D-9C69-0BCC9CB27D81
Loading PEIM 86D70125-BAA3-4296-A62F-602BEBBB9081
Loading PEIM at 0x00007EDA000 EntryPoint=0x00007EDCC68 DxeIpl.efi
Install PPI: 1A36E4E7-FAB6-476A-8E75-695A0576FDD7
Install PPI: 0AE8CE5D-E448-4437-A8D7-EBF5F194F731
Loading PEIM 89E549B0-7CFE-449D-9BA3-10D8B2312D71
Loading PEIM at 0x00007ED5000 EntryPoint=0x00007ED6E18 S3Resume2Pei.efi
Install PPI: 6D582DBC-DB85-4514-8FCC-5ADF6227B147
Loading PEIM EDADEB9D-DDBA-48BD-9D22-C1C169C8C5C6
Loading PEIM at 0x00007EC7000 EntryPoint=0x00007ECB714 CpuMpPei.efi
Register PPI Notify: F894643D-C449-42D1-8EA8-85BDD8C65BDE
Notify: PPI Guid: F894643D-C449-42D1-8EA8-85BDD8C65BDE, Peim notify entry point: 7EC7240
AP Loop Mode is 1
GetMicrocodePatchInfoFromHob: Microcode patch cache HOB is not found.
CPU[0000]: Microcode revision = 00000000, expected = 00000000
Register PPI Notify: 8F9D4825-797D-48FC-8471-845025792EF6
Does not find any stored CPU BIST information from PPI!
  APICID - 0x00000000, BIST - 0x00000000
Install PPI: 9E9F374B-8F16-4230-9824-5846EE766A97
Install PPI: 5CB9CB3D-31A4-480C-9498-29D269BACFBA
Install PPI: EE16160A-E8BE-47A6-820A-C6900DB0250A
Notify: PPI Guid: EE16160A-E8BE-47A6-820A-C6900DB0250A, Peim notify entry point: 83BB1A
PlatformPei: ClearCacheOnMpServicesAvailable
DiscoverPeimsAndOrderWithApriori(): Found 0x0 PEI FFS files in the 1th FV
DXE IPL Entry
Loading PEIM D6A2CB7F-6A18-4E2F-B43B-9920A733700A
Loading PEIM at 0x00007E92000 EntryPoint=0x00007EAF8C5 DxeCore.efi
Loading DXE CORE at 0x00007E92000 EntryPoint=0x00007EAF8C5
AddressBits=36 5LevelPaging=0 1GPage=0
Pml5=1 Pml4=1 Pdp=64 TotalPage=66
Install PPI: 605EA650-C65C-42E1-BA80-91A52AB618C6
Notify: PPI Guid: 605EA650-C65C-42E1-BA80-91A52AB618C6, Peim notify entry point: 831A25
CoreInitializeMemoryServices:
  BaseAddress - 0x3F59000 Length - 0x3CA7000 MinimalMemorySizeNeeded - 0x320000
InstallProtocolInterface: 5B1B31A1-9562-11D2-8E3F-00A0C969723B 7EB8228
ProtectUefiImageCommon - 0x7EB8228
  - 0x0000000007E92000 - 0x000000000002C000
DxeMain: MemoryBaseAddress=0x3F59000 MemoryLength=0x3CA7000
HOBLIST address in DXE = 0x78EA018
Memory Allocation 0x0000000A 0x7F78000 - 0x7FFFFFF
Memory Allocation 0x0000000A 0x810000 - 0x81FFFF
Memory Allocation 0x0000000A 0x807000 - 0x807FFF
Memory Allocation 0x0000000A 0x800000 - 0x805FFF
Memory Allocation 0x0000000A 0x806000 - 0x806FFF
Memory Allocation 0x0000000A 0x80B000 - 0x80BFFF
Memory Allocation 0x00000006 0x7EF4000 - 0x7F77FFF
Memory Allocation 0x0000000A 0x820000 - 0x8FFFFF
Memory Allocation 0x00000004 0x900000 - 0x14FFFFF
Memory Allocation 0x00000004 0x7E72000 - 0x7E91FFF
Memory Allocation 0x00000003 0x7EE6000 - 0x7EF3FFF
Memory Allocation 0x00000003 0x7EE0000 - 0x7EE5FFF
Memory Allocation 0x00000003 0x7EDA000 - 0x7EDFFFF
Memory Allocation 0x00000003 0x7ED5000 - 0x7ED9FFF
Memory Allocation 0x00000003 0x7EC7000 - 0x7ED4FFF
Memory Allocation 0x00000004 0x7EBE000 - 0x7EC6FFF
Memory Allocation 0x00000003 0x7E92000 - 0x7EBDFFF
Memory Allocation 0x00000003 0x7E92000 - 0x7EBDFFF
Memory Allocation 0x00000004 0x7E72000 - 0x7E91FFF
Memory Allocation 0x00000004 0x7C00000 - 0x7DFFFFF
Memory Allocation 0x00000007 0x7E00000 - 0x7E71FFF
Memory Allocation 0x00000004 0x3F36000 - 0x3F55FFF
FV Hob            0x900000 - 0x14FFFFF
InstallProtocolInterface: D8117CFE-94A6-11D4-9A3A-0090273FC14D 7EB8910
InstallProtocolInterface: 8F644FA9-E850-4DB1-9CE2-0B44698E8DA4 78E6CB0
InstallProtocolInterface: 09576E91-6D3F-11D2-8E39-00A0C969723B 78E6D98
InstallProtocolInterface: 220E73B6-6BDB-4413-8405-B974B108619A 78E6630
InstallProtocolInterface: EE4E5898-3914-4259-9D6E-DC7BD79403CF 7EB85B0
Loading driver 9B680FCE-AD6B-4F3A-B60B-F59899003443
InstallProtocolInterface: 5B1B31A1-9562-11D2-8E3F-00A0C969723B 757F140
Loading driver at 0x00007567000 EntryPoint=0x0000756CE99 DevicePathDxe.efi
InstallProtocolInterface: BC62157E-3E33-4FEC-9920-2D3B36D750DF 757FA98
ProtectUefiImageCommon - 0x757F140
  - 0x0000000007567000 - 0x000000000000BAC0
InstallProtocolInterface: 0379BE4E-D706-437D-B037-EDB82FB772A4 7572780
InstallProtocolInterface: 8B843E20-8132-4852-90CC-551A4E4A7F1C 7572760
InstallProtocolInterface: 05C99A21-C70F-4AD2-8A5F-35DF3343F51E 7572740
Loading driver 80CF7257-87AB-47F9-A3FE-D50B76D89541
InstallProtocolInterface: 5B1B31A1-9562-11D2-8E3F-00A0C969723B 7577040
Loading driver at 0x00007560000 EntryPoint=0x000075621ED PcdDxe.efi
InstallProtocolInterface: BC62157E-3E33-4FEC-9920-2D3B36D750DF 7577D18
ProtectUefiImageCommon - 0x7577040
  - 0x0000000007560000 - 0x0000000000006200
InstallProtocolInterface: 11B34006-D85B-4D0A-A290-D5A571310EF7 7565EC0
InstallProtocolInterface: 13A3F0F6-264A-3EF0-F2E0-DEC512342F34 7565E20
InstallProtocolInterface: 5BE40F57-FA68-4610-BBBF-E9C5FCDAD365 7565DF0
InstallProtocolInterface: FD0F4478-0EFD-461D-BA2D-E58C45FD5F5E 7565DD0
Loading driver 2EC9DA37-EE35-4DE9-86C5-6D9A81DC38A7
InstallProtocolInterface: 5B1B31A1-9562-11D2-8E3F-00A0C969723B 757E0C0
Loading driver at 0x00007573000 EntryPoint=0x00007573665 AmdSevDxe.efi
InstallProtocolInterface: BC62157E-3E33-4FEC-9920-2D3B36D750DF 757EA98
ProtectUefiImageCommon - 0x757E0C0
  - 0x0000000007573000 - 0x0000000000003BC0
Error: Image at 00007573000 start failed: Unsupported
Loading driver 733CBAC2-B23F-4B92-BC8E-FB01CE5907B7
InstallProtocolInterface: 5B1B31A1-9562-11D2-8E3F-00A0C969723B 757E0C0
Loading driver at 0x00007AE6000 EntryPoint=0x00007AE7000 FvbServicesRuntimeDxe.efi
InstallProtocolInterface: BC62157E-3E33-4FEC-9920-2D3B36D750DF 757ED18
ProtectUefiImageCommon - 0x757E0C0
  - 0x0000000007AE6000 - 0x0000000000009000
QEMU Flash: Attempting flash detection at FFC00010
QemuFlashDetected => FD behaves as FLASH
QemuFlashDetected => Yes
Installing QEMU flash FVB
InstallProtocolInterface: 8F644FA9-E850-4DB1-9CE2-0B44698E8DA4 79EE8B0
InstallProtocolInterface: 09576E91-6D3F-11D2-8E39-00A0C969723B 757E818
Loading driver D93CE3D8-A7EB-4730-8C8E-CC466A9ECC3C
InstallProtocolInterface: 5B1B31A1-9562-11D2-8E3F-00A0C969723B 757DB40
Loading driver at 0x00007ADF000 EntryPoint=0x00007AE0C53 ReportStatusCodeRouterRuntimeDxe.efi
InstallProtocolInterface: BC62157E-3E33-4FEC-9920-2D3B36D750DF 757E418
ProtectUefiImageCommon - 0x757DB40
  - 0x0000000007ADF000 - 0x0000000000007000
InstallProtocolInterface: 86212936-0E76-41C8-A03A-2AF2FC1C39E2 7AE4040
InstallProtocolInterface: D2B2B828-0826-48A7-B3DF-983C006024F0 7AE4020
Loading driver B601F8C4-43B7-4784-95B1-F4226CB40CEE
InstallProtocolInterface: 5B1B31A1-9562-11D2-8E3F-00A0C969723B 757D1C0
Loading driver at 0x00007AD9000 EntryPoint=0x00007ADA24D RuntimeDxe.efi
InstallProtocolInterface: BC62157E-3E33-4FEC-9920-2D3B36D750DF 757A018
ProtectUefiImageCommon - 0x757D1C0
  - 0x0000000007AD9000 - 0x0000000000006000
InstallProtocolInterface: B7DFB4E1-052F-449F-87BE-9818FC91B733 7ADD020
Loading driver F80697E9-7FD6-4665-8646-88E33EF71DFC
InstallProtocolInterface: 5B1B31A1-9562-11D2-8E3F-00A0C969723B 757A7C0
Loading driver at 0x0000755D000 EntryPoint=0x0000755DB43 SecurityStubDxe.efi
InstallProtocolInterface: BC62157E-3E33-4FEC-9920-2D3B36D750DF 757A118
ProtectUefiImageCommon - 0x757A7C0
  - 0x000000000755D000 - 0x0000000000002F80
InstallProtocolInterface: 94AB2F58-1438-4EF1-9152-18941A3A0E68 755FDC8
InstallProtocolInterface: A46423E3-4617-49F1-B9FF-D1BFA9115839 755FDC0
InstallProtocolInterface: 15853D7C-3DDF-43E0-A1CB-EBF85B8F872C 755FDA0
Loading driver 13AC6DD0-73D0-11D4-B06B-00AA00BD6DE7
InstallProtocolInterface: 5B1B31A1-9562-11D2-8E3F-00A0C969723B 7579CC0
Loading driver at 0x0000754F000 EntryPoint=0x0000755351C EbcDxe.efi
InstallProtocolInterface: BC62157E-3E33-4FEC-9920-2D3B36D750DF 7579A98
ProtectUefiImageCommon - 0x7579CC0
  - 0x000000000754F000 - 0x0000000000006180
InstallProtocolInterface: 13AC6DD1-73D0-11D4-B06B-00AA00BD6DE7 7579A18
InstallProtocolInterface: 96F46153-97A7-4793-ACC1-FA19BF78EA97 7554EE0
InstallProtocolInterface: 2755590C-6F3C-42FA-9EA4-A3BA543CDA25 7579218
InstallProtocolInterface: AAEACCFD-F27B-4C17-B610-75CA1F2DFB52 7579398
Loading driver 245CB4DA-8E15-4A1B-87E3-9878FFA07520
InstallProtocolInterface: 5B1B31A1-9562-11D2-8E3F-00A0C969723B 7578B40
Loading driver at 0x00007573000 EntryPoint=0x000075743BE Legacy8259.efi
InstallProtocolInterface: BC62157E-3E33-4FEC-9920-2D3B36D750DF 7579898
ProtectUefiImageCommon - 0x7578B40
  - 0x0000000007573000 - 0x0000000000001F40
InstallProtocolInterface: 38321DBA-4FE0-4E17-8AEC-413055EAEDC1 7574DC0
Loading driver A19B1FE7-C1BC-49F8-875F-54A5D542443F
InstallProtocolInterface: 5B1B31A1-9562-11D2-8E3F-00A0C969723B 7578240
Loading driver at 0x00007557000 EntryPoint=0x00007557F27 CpuIo2Dxe.efi
InstallProtocolInterface: BC62157E-3E33-4FEC-9920-2D3B36D750DF 7578498
ProtectUefiImageCommon - 0x7578240
  - 0x0000000007557000 - 0x0000000000002380
InstallProtocolInterface: AD61F191-AE5F-4C0E-B9FA-E869D288C64F 7559240
Loading driver 1A1E4886-9517-440E-9FDE-3BE44CEE2136
InstallProtocolInterface: 5B1B31A1-9562-11D2-8E3F-00A0C969723B 7576B40
Loading driver at 0x00007127000 EntryPoint=0x0000712B8BE CpuDxe.efi
InstallProtocolInterface: BC62157E-3E33-4FEC-9920-2D3B36D750DF 7578518
ProtectUefiImageCommon - 0x7576B40
  - 0x0000000007127000 - 0x0000000000013740
Paging: added 512 pages to page table pool
CurrentPagingContext:
  MachineType   - 0x8664
  PageTableBase - 0x7C01000
  Attributes    - 0xC0000002
InstallProtocolInterface: 26BACCB1-6F42-11D4-BCE7-0080C73C8881 71396C0
MemoryProtectionCpuArchProtocolNotify:
ProtectUefiImageCommon - 0x7EB8228
  - 0x0000000007E92000 - 0x000000000002C000
ProtectUefiImageCommon - 0x757F140
  - 0x0000000007567000 - 0x000000000000BAC0
ProtectUefiImageCommon - 0x7577040
  - 0x0000000007560000 - 0x0000000000006200
ProtectUefiImageCommon - 0x757E0C0
  - 0x0000000007AE6000 - 0x0000000000009000
SetUefiImageMemoryAttributes - 0x0000000007AE6000 - 0x0000000000001000 (0x0000000000004000)
SetUefiImageMemoryAttributes - 0x0000000007AE7000 - 0x0000000000006000 (0x0000000000020000)
SetUefiImageMemoryAttributes - 0x0000000007AED000 - 0x0000000000002000 (0x0000000000004000)
ProtectUefiImageCommon - 0x757DB40
  - 0x0000000007ADF000 - 0x0000000000007000
SetUefiImageMemoryAttributes - 0x0000000007ADF000 - 0x0000000000001000 (0x0000000000004000)
SetUefiImageMemoryAttributes - 0x0000000007AE0000 - 0x0000000000004000 (0x0000000000020000)
SetUefiImageMemoryAttributes - 0x0000000007AE4000 - 0x0000000000002000 (0x0000000000004000)
ProtectUefiImageCommon - 0x757D1C0
  - 0x0000000007AD9000 - 0x0000000000006000
SetUefiImageMemoryAttributes - 0x0000000007AD9000 - 0x0000000000001000 (0x0000000000004000)
SetUefiImageMemoryAttributes - 0x0000000007ADA000 - 0x0000000000003000 (0x0000000000020000)
SetUefiImageMemoryAttributes - 0x0000000007ADD000 - 0x0000000000002000 (0x0000000000004000)
ProtectUefiImageCommon - 0x757A7C0
  - 0x000000000755D000 - 0x0000000000002F80
ProtectUefiImageCommon - 0x7579CC0
  - 0x000000000754F000 - 0x0000000000006180
ProtectUefiImageCommon - 0x7578B40
  - 0x0000000007573000 - 0x0000000000001F40
ProtectUefiImageCommon - 0x7578240
  - 0x0000000007557000 - 0x0000000000002380
ProtectUefiImageCommon - 0x7576B40
  - 0x0000000007127000 - 0x0000000000013740
ConvertPages: failed to find range A0000 - FFFFF
ConvertPages: failed to find range 80000000 - FBFFFFFF
ConvertPages: failed to find range FEC00000 - FEC00FFF
Failed to update capability: [8] 00000000FED00000 - 00000000FED003FF (C700000000000001 -> C700000000026001)
ConvertPages: failed to find range FEE00000 - FEEFFFFF
ConvertPages: failed to find range FFC00000 - FFFFFFFF
AP Loop Mode is 1
GetMicrocodePatchInfoFromHob: MicrocodeBase = 0x0, MicrocodeSize = 0x0
CPU[0000]: Microcode revision = 00000000, expected = 00000000
Detect CPU count: 1
InstallProtocolInterface: 3FDDA605-A76E-4F46-AD29-12F4531B3D08 7139660
Loading driver F6697AC4-A776-4EE1-B643-1FEFF2B615BB
InstallProtocolInterface: 5B1B31A1-9562-11D2-8E3F-00A0C969723B 75560C0
Loading driver at 0x00007124000 EntryPoint=0x0000712520B IncompatiblePciDeviceSupportDxe.efi
InstallProtocolInterface: BC62157E-3E33-4FEC-9920-2D3B36D750DF 7556818
ProtectUefiImageCommon - 0x75560C0
  - 0x0000000007124000 - 0x0000000000002200
InstallProtocolInterface: EB23F55A-7863-4AC2-8D3D-956535DE0375 7126108
Loading driver 11A6EDF6-A9BE-426D-A6CC-B22FE51D9224
InstallProtocolInterface: 5B1B31A1-9562-11D2-8E3F-00A0C969723B 713E040
Loading driver at 0x00007118000 EntryPoint=0x00007119CC5 PciHotPlugInitDxe.efi
InstallProtocolInterface: BC62157E-3E33-4FEC-9920-2D3B36D750DF 713EF18
ProtectUefiImageCommon - 0x713E040
  - 0x0000000007118000 - 0x0000000000005700
InstallProtocolInterface: AA0E8BC1-DABC-46B0-A844-37B8169B2BEA 711D5D0
Loading driver 4B28E4C7-FF36-4E10-93CF-A82159E777C5
InstallProtocolInterface: 5B1B31A1-9562-11D2-8E3F-00A0C969723B 713E440
Loading driver at 0x00007AD2000 EntryPoint=0x00007AD3D66 ResetSystemRuntimeDxe.efi
InstallProtocolInterface: BC62157E-3E33-4FEC-9920-2D3B36D750DF 713E998
ProtectUefiImageCommon - 0x713E440
  - 0x0000000007AD2000 - 0x0000000000007000
SetUefiImageMemoryAttributes - 0x0000000007AD2000 - 0x0000000000001000 (0x0000000000004008)
SetUefiImageMemoryAttributes - 0x0000000007AD3000 - 0x0000000000004000 (0x0000000000020008)
SetUefiImageMemoryAttributes - 0x0000000007AD7000 - 0x0000000000002000 (0x0000000000004008)
InstallProtocolInterface: 27CFAC88-46CC-11D4-9A38-0090273FC14D 0
InstallProtocolInterface: 9DA34AE0-EAF9-4BBF-8EC3-FD60226C44BE 7AD70C8
InstallProtocolInterface: 695D7835-8D47-4C11-AB22-FA8ACCE7AE7A 7AD7088
InstallProtocolInterface: 2DF6BA0B-7092-440D-BD04-FB091EC3F3C1 7AD7048
Loading driver C8339973-A563-4561-B858-D8476F9DEFC4
InstallProtocolInterface: 5B1B31A1-9562-11D2-8E3F-00A0C969723B 713D8C0
Loading driver at 0x0000711E000 EntryPoint=0x0000711F17B Metronome.efi
InstallProtocolInterface: BC62157E-3E33-4FEC-9920-2D3B36D750DF 713D818
ProtectUefiImageCommon - 0x713D8C0
  - 0x000000000711E000 - 0x0000000000002140
InstallProtocolInterface: 26BACCB2-6F42-11D4-BCE7-0080C73C8881 711FFD0
Loading driver 348C4D62-BFBD-4882-9ECE-C80BB1C4783B
InstallProtocolInterface: 5B1B31A1-9562-11D2-8E3F-00A0C969723B 713C040
Loading driver at 0x000070D8000 EntryPoint=0x000070ECCE0 HiiDatabase.efi
InstallProtocolInterface: BC62157E-3E33-4FEC-9920-2D3B36D750DF 713D518
ProtectUefiImageCommon - 0x713C040
  - 0x00000000070D8000 - 0x000000000001F100
InstallProtocolInterface: E9CA4775-8657-47FC-97E7-7ED65A084324 70F6C28
InstallProtocolInterface: 0FD96974-23AA-4CDC-B9CB-98D17750322A 70F6CA0
InstallProtocolInterface: EF9FC172-A1B2-4693-B327-6D32FC416042 70F6CC8
InstallProtocolInterface: 587E72D7-CC50-4F79-8209-CA291FC1A10F 70F6D20
InstallProtocolInterface: 0A8BADD5-03B8-4D19-B128-7B8F0EDAA596 70F6D50
InstallProtocolInterface: 31A6406A-6BDF-4E46-B2A2-EBAA89C40920 70F6C48
InstallProtocolInterface: 1A1241E6-8F19-41A9-BC0E-E8EF39E06546 70F6C70
Loading driver 96B5C032-DF4C-4B6E-8232-438DCF448D0E
InstallProtocolInterface: 5B1B31A1-9562-11D2-8E3F-00A0C969723B 713B040
Loading driver at 0x00007115000 EntryPoint=0x000071162BD NullMemoryTestDxe.efi
InstallProtocolInterface: BC62157E-3E33-4FEC-9920-2D3B36D750DF 713C518
ProtectUefiImageCommon - 0x713B040
  - 0x0000000007115000 - 0x0000000000002380
InstallProtocolInterface: 309DE7F1-7F5E-4ACE-B49C-531BE5AA95EF 71171C0
Loading driver 9622E42C-8E38-4A08-9E8F-54F784652F6B
InstallProtocolInterface: 5B1B31A1-9562-11D2-8E3F-00A0C969723B 713B9C0
Loading driver at 0x00007105000 EntryPoint=0x00007105240 AcpiTableDxe.efi
InstallProtocolInterface: BC62157E-3E33-4FEC-9920-2D3B36D750DF 713B918
ProtectUefiImageCommon - 0x713B9C0
  - 0x0000000007105000 - 0x0000000000007F40
InstallProtocolInterface: FFE06BDD-6107-46A6-7BB2-5A9C7EC5275C 713B5A0
InstallProtocolInterface: EB97088E-CFDF-49C6-BE4B-D906A5B20E86 713B5B0
Loading driver BDCE85BB-FBAA-4F4E-9264-501A2C249581
InstallProtocolInterface: 5B1B31A1-9562-11D2-8E3F-00A0C969723B 7123B40
Loading driver at 0x000070FE000 EntryPoint=0x000070FE240 S3SaveStateDxe.efi
InstallProtocolInterface: BC62157E-3E33-4FEC-9920-2D3B36D750DF 7123E98
ProtectUefiImageCommon - 0x7123B40
  - 0x00000000070FE000 - 0x0000000000006640
InstallProtocolInterface: BD445D79-B7AD-4F04-9AD8-29BD2040EB3C 0
InstallProtocolInterface: E857CAF6-C046-45DC-BE3F-EE0765FBA887 7104300
Loading driver A210F973-229D-4F4D-AA37-9895E6C9EABA
InstallProtocolInterface: 5B1B31A1-9562-11D2-8E3F-00A0C969723B 71232C0
Loading driver at 0x0000710F000 EntryPoint=0x000071103BC DpcDxe.efi
InstallProtocolInterface: BC62157E-3E33-4FEC-9920-2D3B36D750DF 7122F98
ProtectUefiImageCommon - 0x71232C0
  - 0x000000000710F000 - 0x0000000000002300
InstallProtocolInterface: 480F8AE9-0C46-4AA9-BC89-DB9FBA619806 7110F90
Loading driver 8657015B-EA43-440D-949A-AF3BE365C0FC
InstallProtocolInterface: 5B1B31A1-9562-11D2-8E3F-00A0C969723B 71227C0
Loading driver at 0x000070D3000 EntryPoint=0x000070D5F5F IoMmuDxe.efi
InstallProtocolInterface: BC62157E-3E33-4FEC-9920-2D3B36D750DF 7122118
ProtectUefiImageCommon - 0x71227C0
  - 0x00000000070D3000 - 0x0000000000004CC0
InstallProtocolInterface: F8775D50-8ABD-4ADF-92AC-853E51F6C8DC 0
Loading driver 22DC2B60-FE40-42AC-B01F-3AB1FAD9AAD8
InstallProtocolInterface: 5B1B31A1-9562-11D2-8E3F-00A0C969723B 7121040
Loading driver at 0x00007ACC000 EntryPoint=0x00007ACD090 EmuVariableFvbRuntimeDxe.efi
InstallProtocolInterface: BC62157E-3E33-4FEC-9920-2D3B36D750DF 7121D18
ProtectUefiImageCommon - 0x7121040
  - 0x0000000007ACC000 - 0x0000000000006000
SetUefiImageMemoryAttributes - 0x0000000007ACC000 - 0x0000000000001000 (0x0000000000004008)
SetUefiImageMemoryAttributes - 0x0000000007ACD000 - 0x0000000000003000 (0x0000000000020008)
SetUefiImageMemoryAttributes - 0x0000000007AD0000 - 0x0000000000002000 (0x0000000000004008)
EMU Variable FVB Started
Disabling EMU Variable FVB since flash variables appear to be supported.
Error: Image at 00007ACC000 start failed: Aborted
SetUefiImageMemoryAttributes - 0x0000000007ACC000 - 0x0000000000006000 (0x0000000000000008)
Loading driver CBD2E4D5-7068-4FF5-B462-9822B4AD8D60
InstallProtocolInterface: 5B1B31A1-9562-11D2-8E3F-00A0C969723B 7121040
Loading driver at 0x00007AC2000 EntryPoint=0x00007AC3000 VariableRuntimeDxe.efi
InstallProtocolInterface: BC62157E-3E33-4FEC-9920-2D3B36D750DF 7121F18
ProtectUefiImageCommon - 0x7121040
  - 0x0000000007AC2000 - 0x0000000000010000
SetUefiImageMemoryAttributes - 0x0000000007AC2000 - 0x0000000000001000 (0x0000000000004008)
SetUefiImageMemoryAttributes - 0x0000000007AC3000 - 0x000000000000D000 (0x0000000000020008)
SetUefiImageMemoryAttributes - 0x0000000007AD0000 - 0x0000000000002000 (0x0000000000004008)
VarCheckLibRegisterSetVariableCheckHandler - 0x7AC9EE8 Success
Variable driver common space: 0x3FF9C 0x3FF9C 0x3FF9C
Variable driver will work with auth variable format!
InstallProtocolInterface: CD3D0A05-9E24-437C-A891-1EE053DB7638 7AD0110
InstallProtocolInterface: AF23B340-97B4-4685-8D4F-A3F28169B21D 7AD00E0
InstallProtocolInterface: 1E5668E2-8481-11D4-BCF1-0080C73C8881 0
VarCheckLibRegisterSetVariableCheckHandler - 0x7AC9956 Success
InstallProtocolInterface: 81D1675C-86F6-48DF-BD95-9A6E4F0925C3 7AD0060
Loading driver 6C2004EF-4E0E-4BE4-B14C-340EB4AA5891
InstallProtocolInterface: 5B1B31A1-9562-11D2-8E3F-00A0C969723B 7114040
Loading driver at 0x00007ABD000 EntryPoint=0x00007ABE1D6 StatusCodeHandlerRuntimeDxe.efi
InstallProtocolInterface: BC62157E-3E33-4FEC-9920-2D3B36D750DF 7114E18
ProtectUefiImageCommon - 0x7114040
  - 0x0000000007ABD000 - 0x0000000000005000
SetUefiImageMemoryAttributes - 0x0000000007ABD000 - 0x0000000000001000 (0x0000000000004008)
SetUefiImageMemoryAttributes - 0x0000000007ABE000 - 0x0000000000003000 (0x0000000000020008)
SetUefiImageMemoryAttributes - 0x0000000007AC1000 - 0x0000000000001000 (0x0000000000004008)
Loading driver C190FE35-44AA-41A1-8AEA-4947BC60E09D
InstallProtocolInterface: 5B1B31A1-9562-11D2-8E3F-00A0C969723B 7114440
Loading driver at 0x00007112000 EntryPoint=0x000071131C7 Timer.efi
InstallProtocolInterface: BC62157E-3E33-4FEC-9920-2D3B36D750DF 7114798
ProtectUefiImageCommon - 0x7114440
  - 0x0000000007112000 - 0x0000000000002000
InstallProtocolInterface: 26BACCB3-6F42-11D4-BCE7-0080C73C8881 7113E80
Loading driver 128FB770-5E79-4176-9E51-9BB268A17DD1
InstallProtocolInterface: 5B1B31A1-9562-11D2-8E3F-00A0C969723B 710ECC0
Loading driver at 0x000070BF000 EntryPoint=0x000070BF240 PciHostBridgeDxe.efi
InstallProtocolInterface: BC62157E-3E33-4FEC-9920-2D3B36D750DF 710EB18
ProtectUefiImageCommon - 0x710ECC0
  - 0x00000000070BF000 - 0x0000000000009D40
Select Item: 0x0
FW CFG Signature: 0x554D4551
Select Item: 0x1
FW CFG Revision: 0x3
QemuFwCfg interface (DMA) is supported.
Select Item: 0x19
PciHostBridgeUtilityInitRootBridge: populated root bus 0, with room for 255 subordinate bus(es)
RootBridge: PciRoot(0x0)
  Support/Attr: 70069 / 70069
    DmaAbove4G: No
NoExtConfSpace: Yes
     AllocAttr: 3 (CombineMemPMem Mem64Decode)
           Bus: 0 - FF Translation=0
            Io: C000 - FFFF Translation=0
           Mem: 80000000 - FBFFFFFF Translation=0
    MemAbove4G: 800000000 - FFFFFFFFF Translation=0
          PMem: FFFFFFFFFFFFFFFF - 0 Translation=0
   PMemAbove4G: FFFFFFFFFFFFFFFF - 0 Translation=0
InstallProtocolInterface: CF8034BE-6768-4D8B-B739-7CCE683A9FBE 710E7C0
InstallProtocolInterface: 09576E91-6D3F-11D2-8E39-00A0C969723B 710E318
InstallProtocolInterface: 2F707EBB-4A1A-11D4-9A38-0090273FC14D 710D1F0
Loading driver EBF342FE-B1D3-4EF8-957C-8048606FF671
InstallProtocolInterface: 5B1B31A1-9562-11D2-8E3F-00A0C969723B 710D440
Loading driver at 0x00007089000 EntryPoint=0x00007096A44 SetupBrowser.efi
InstallProtocolInterface: BC62157E-3E33-4FEC-9920-2D3B36D750DF 710DC98
ProtectUefiImageCommon - 0x710D440
  - 0x0000000007089000 - 0x000000000001A180
InstallProtocolInterface: B9D4C360-BCFB-4F9B-9298-53C136982258 70A2CD0
InstallProtocolInterface: A770C357-B693-4E6D-A6CF-D21C728E550B 70A2D00
InstallProtocolInterface: 1F73B18D-4630-43C1-A1DE-6F80855D7DA4 70A2CE0
Loading driver F9D88642-0737-49BC-81B5-6889CD57D9EA
InstallProtocolInterface: 5B1B31A1-9562-11D2-8E3F-00A0C969723B 70FD7C0
Loading driver at 0x000070B8000 EntryPoint=0x000070B952C SmbiosDxe.efi
InstallProtocolInterface: BC62157E-3E33-4FEC-9920-2D3B36D750DF 70FD118
ProtectUefiImageCommon - 0x70FD7C0
  - 0x00000000070B8000 - 0x00000000000062C0
Select Item: 0x0
FW CFG Signature: 0x554D4551
Select Item: 0x1
FW CFG Revision: 0x3
QemuFwCfg interface (DMA) is supported.
Select Item: 0x19
Select Item: 0x19
Select Item: 0x25
DetectSmbiosVersion: SMBIOS version from QEMU: 0x0208
InstallProtocolInterface: 03583FF6-CB36-4940-947E-B9B39F4AFAF7 70BE150
Loading driver 17985E6F-E778-4D94-AEFA-C5DD2B77E186
InstallProtocolInterface: 5B1B31A1-9562-11D2-8E3F-00A0C969723B 70FC040
Loading driver at 0x000070B0000 EntryPoint=0x000070B2F3B QemuFwCfgAcpiPlatform.efi
InstallProtocolInterface: BC62157E-3E33-4FEC-9920-2D3B36D750DF 70FD418
ProtectUefiImageCommon - 0x70FC040
  - 0x00000000070B0000 - 0x0000000000007400
Select Item: 0x0
FW CFG Signature: 0x554D4551
Select Item: 0x1
FW CFG Revision: 0x3
QemuFwCfg interface (DMA) is supported.
AcpiPlatformEntryPoint: waiting for root bridges to be connected, registered callback
Loading driver FA20568B-548B-4B2B-81EF-1BA08D4A3CEC
InstallProtocolInterface: 5B1B31A1-9562-11D2-8E3F-00A0C969723B 70FCA40
Loading driver at 0x00007069000 EntryPoint=0x0000706B103 BootScriptExecutorDxe.efi
InstallProtocolInterface: BC62157E-3E33-4FEC-9920-2D3B36D750DF 70FC998
ProtectUefiImageCommon - 0x70FCA40
  - 0x0000000007069000 - 0x000000000000FF40
Loading driver A487A478-51EF-48AA-8794-7BEE2A0562F1
InstallProtocolInterface: 5B1B31A1-9562-11D2-8E3F-00A0C969723B 70FB040
Loading driver at 0x0000707D000 EntryPoint=0x0000707F621 tftpDynamicCommand.efi
InstallProtocolInterface: BC62157E-3E33-4FEC-9920-2D3B36D750DF 70FC518
InstallProtocolInterface: 6A1EE763-D47A-43B4-AABE-EF1DE2AB56FC 70867B0
ProtectUefiImageCommon - 0x70FB040
  - 0x000000000707D000 - 0x000000000000B300
InstallProtocolInterface: 3C7200E9-005F-4EA4-87DE-A3DFAC8A27C3 70863B0
Loading driver 19618BCE-55AE-09C6-37E9-4CE04084C7A1
InstallProtocolInterface: 5B1B31A1-9562-11D2-8E3F-00A0C969723B 70FB4C0
Loading driver at 0x0000704D000 EntryPoint=0x000070506B8 httpDynamicCommand.efi
InstallProtocolInterface: BC62157E-3E33-4FEC-9920-2D3B36D750DF 70FB798
InstallProtocolInterface: 6A1EE763-D47A-43B4-AABE-EF1DE2AB56FC 7058670
ProtectUefiImageCommon - 0x70FB4C0
  - 0x000000000704D000 - 0x000000000000D900
InstallProtocolInterface: 3C7200E9-005F-4EA4-87DE-A3DFAC8A27C3 70582A0
Loading driver 2F30DA26-F51B-4B6F-85C4-31873C281BCA
InstallProtocolInterface: 5B1B31A1-9562-11D2-8E3F-00A0C969723B 70F87C0
Loading driver at 0x00007060000 EntryPoint=0x0000706187D LinuxInitrdDynamicShellCommand.efi
InstallProtocolInterface: BC62157E-3E33-4FEC-9920-2D3B36D750DF 70F8598
InstallProtocolInterface: 6A1EE763-D47A-43B4-AABE-EF1DE2AB56FC 7067A70
ProtectUefiImageCommon - 0x70F87C0
  - 0x0000000007060000 - 0x0000000000008580
InstallProtocolInterface: 3C7200E9-005F-4EA4-87DE-A3DFAC8A27C3 70676F0
Loading driver F74D20EE-37E7-48FC-97F7-9B1047749C69
InstallProtocolInterface: 5B1B31A1-9562-11D2-8E3F-00A0C969723B 70CFC40
Loading driver at 0x000070AB000 EntryPoint=0x000070AC06D LogoDxe.efi
InstallProtocolInterface: BC62157E-3E33-4FEC-9920-2D3B36D750DF 70C9F18
InstallProtocolInterface: 6A1EE763-D47A-43B4-AABE-EF1DE2AB56FC 70ACD70
ProtectUefiImageCommon - 0x70CFC40
  - 0x00000000070AB000 - 0x0000000000004CC0
InstallProtocolInterface: 53CD299F-2BC1-40C0-8C07-23F64FDB30E0 70ACBC0
Loading driver DCE1B094-7DC6-45D0-9FDD-D7FC3CC3E4EF
InstallProtocolInterface: 5B1B31A1-9562-11D2-8E3F-00A0C969723B 70C95C0
Loading driver at 0x0000705B000 EntryPoint=0x0000705C401 QemuRamfbDxe.efi
InstallProtocolInterface: BC62157E-3E33-4FEC-9920-2D3B36D750DF 70CBF18
ProtectUefiImageCommon - 0x70C95C0
  - 0x000000000705B000 - 0x0000000000004EC0
Select Item: 0x0
FW CFG Signature: 0x554D4551
Select Item: 0x1
FW CFG Revision: 0x3
QemuFwCfg interface (DMA) is supported.
Select Item: 0x19
Error: Image at 0000705B000 start failed: Not Found
Loading driver FE5CEA76-4F72-49E8-986F-2CD899DFFE5D
InstallProtocolInterface: 5B1B31A1-9562-11D2-8E3F-00A0C969723B 70C95C0
Loading driver at 0x00007047000 EntryPoint=0x0000704A086 FaultTolerantWriteDxe.efi
InstallProtocolInterface: BC62157E-3E33-4FEC-9920-2D3B36D750DF 70CBF98
ProtectUefiImageCommon - 0x70C95C0
  - 0x0000000007047000 - 0x0000000000005B00
Ftw: FtwWorkSpaceLba - 0x41, WorkBlockSize  - 0x1000, FtwWorkSpaceBase - 0x0
Ftw: FtwSpareLba     - 0x42, SpareBlockSize - 0x1000
Ftw: NumberOfWorkBlock - 0x1, FtwWorkBlockLba - 0x41
Ftw: WorkSpaceLbaInSpare - 0x0, WorkSpaceBaseInSpare - 0x0
Ftw: Remaining work space size - FE0
InstallProtocolInterface: 3EBD9E82-2C78-4DE6-9786-8D4BFCB7C881 70A9028
NOTICE - AuthVariableLibInitialize() returns Unsupported!
Variable driver will continue to work without auth variable support!
RecordSecureBootPolicyVarData GetVariable SecureBoot Status E
InstallProtocolInterface: 6441F818-6362-4E44-B570-7DBA31DD2453 0
Loading driver 378D7B65-8DA9-4773-B6E4-A47826A833E1
InstallProtocolInterface: 5B1B31A1-9562-11D2-8E3F-00A0C969723B 70CB340
Loading driver at 0x00007AB7000 EntryPoint=0x00007AB8000 PcRtc.efi
InstallProtocolInterface: BC62157E-3E33-4FEC-9920-2D3B36D750DF 70CBA18
ProtectUefiImageCommon - 0x70CB340
  - 0x0000000007AB7000 - 0x0000000000006000
SetUefiImageMemoryAttributes - 0x0000000007AB7000 - 0x0000000000001000 (0x0000000000004008)
SetUefiImageMemoryAttributes - 0x0000000007AB8000 - 0x0000000000004000 (0x0000000000020008)
SetUefiImageMemoryAttributes - 0x0000000007ABC000 - 0x0000000000001000 (0x0000000000004008)
InstallProtocolInterface: 27CFAC87-46CC-11D4-9A38-0090273FC14D 0
Loading driver F099D67F-71AE-4C36-B2A3-DCEB0EB2B7D8
InstallProtocolInterface: 5B1B31A1-9562-11D2-8E3F-00A0C969723B 70CACC0
Loading driver at 0x0000707A000 EntryPoint=0x0000707B138 WatchdogTimer.efi
InstallProtocolInterface: BC62157E-3E33-4FEC-9920-2D3B36D750DF 70CAA98
ProtectUefiImageCommon - 0x70CACC0
  - 0x000000000707A000 - 0x00000000000020C0
InstallProtocolInterface: 665E3FF5-46CC-11D4-9A38-0090273FC14D 707BF20
Loading driver AD608272-D07F-4964-801E-7BD3B7888652
InstallProtocolInterface: 5B1B31A1-9562-11D2-8E3F-00A0C969723B 70CA2C0
Loading driver at 0x00007AB3000 EntryPoint=0x00007AB41E4 MonotonicCounterRuntimeDxe.efi
InstallProtocolInterface: BC62157E-3E33-4FEC-9920-2D3B36D750DF 7079018
ProtectUefiImageCommon - 0x70CA2C0
  - 0x0000000007AB3000 - 0x0000000000004000
SetUefiImageMemoryAttributes - 0x0000000007AB3000 - 0x0000000000001000 (0x0000000000004008)
SetUefiImageMemoryAttributes - 0x0000000007AB4000 - 0x0000000000002000 (0x0000000000020008)
SetUefiImageMemoryAttributes - 0x0000000007AB6000 - 0x0000000000001000 (0x0000000000004008)
InstallProtocolInterface: 1DA97072-BDDC-4B30-99F1-72A0B56FFF2A 0
Loading driver 42857F0A-13F2-4B21-8A23-53D3F714B840
InstallProtocolInterface: 5B1B31A1-9562-11D2-8E3F-00A0C969723B 7079840
Loading driver at 0x00007AAE000 EntryPoint=0x00007AAF990 CapsuleRuntimeDxe.efi
InstallProtocolInterface: BC62157E-3E33-4FEC-9920-2D3B36D750DF 7079718
ProtectUefiImageCommon - 0x7079840
  - 0x0000000007AAE000 - 0x0000000000005000
SetUefiImageMemoryAttributes - 0x0000000007AAE000 - 0x0000000000001000 (0x0000000000004008)
SetUefiImageMemoryAttributes - 0x0000000007AAF000 - 0x0000000000003000 (0x0000000000020008)
SetUefiImageMemoryAttributes - 0x0000000007AB2000 - 0x0000000000001000 (0x0000000000004008)
InstallProtocolInterface: 5053697E-2CBC-4819-90D9-0580DEEE5754 0
Loading driver EBF8ED7C-0DD1-4787-84F1-F48D537DCACF
InstallProtocolInterface: 5B1B31A1-9562-11D2-8E3F-00A0C969723B 70A8BC0
Loading driver at 0x00007039000 EntryPoint=0x0000703AD61 DriverHealthManagerDxe.efi
InstallProtocolInterface: BC62157E-3E33-4FEC-9920-2D3B36D750DF 70A8118
ProtectUefiImageCommon - 0x70A8BC0
  - 0x0000000007039000 - 0x0000000000006640
InstallProtocolInterface: 09576E91-6D3F-11D2-8E39-00A0C969723B 703F3A0
InstallProtocolInterface: 330D4706-F2A0-4E4F-A369-B66FA8D54385 703F370
Loading driver 6D33944A-EC75-4855-A54D-809C75241F6C
InstallProtocolInterface: 5B1B31A1-9562-11D2-8E3F-00A0C969723B 70A7040
Loading driver at 0x00006DE2000 EntryPoint=0x00006DED98D BdsDxe.efi
InstallProtocolInterface: BC62157E-3E33-4FEC-9920-2D3B36D750DF 70A8518
ProtectUefiImageCommon - 0x70A7040
  - 0x0000000006DE2000 - 0x000000000001D6C0
Select Item: 0x0
FW CFG Signature: 0x554D4551
Select Item: 0x1
FW CFG Revision: 0x3
QemuFwCfg interface (DMA) is supported.
InstallProtocolInterface: 665E3FF6-46CC-11D4-9A38-0090273FC14D 6DFEF50
Loading driver 28A03FF4-12B3-4305-A417-BB1A4F94081E
InstallProtocolInterface: 5B1B31A1-9562-11D2-8E3F-00A0C969723B 70A6BC0
Loading driver at 0x00007021000 EntryPoint=0x00007023FA0 RamDiskDxe.efi
InstallProtocolInterface: BC62157E-3E33-4FEC-9920-2D3B36D750DF 70A6F18
ProtectUefiImageCommon - 0x70A6BC0
  - 0x0000000007021000 - 0x000000000000B4C0
InstallProtocolInterface: 09576E91-6D3F-11D2-8E39-00A0C969723B 70A6998
InstallProtocolInterface: 330D4706-F2A0-4E4F-A369-B66FA8D54385 702C078
InstallProtocolInterface: 09576E91-6D3F-11D2-8E39-00A0C969723B 702B570
InstallProtocolInterface: 330D4706-F2A0-4E4F-A369-B66FA8D54385 70A4EB0
InstallProtocolInterface: AB38A0DF-6873-44A9-87E6-D4EB56148449 702B590
InstallProtocolInterface: 28A03FF4-12B3-4305-A417-BB1A4F94081E 70A4E98
Loading driver E660EA85-058E-4B55-A54B-F02F83A24707
InstallProtocolInterface: 5B1B31A1-9562-11D2-8E3F-00A0C969723B 70A57C0
Loading driver at 0x00006DCD000 EntryPoint=0x00006DD32EC DisplayEngine.efi
InstallProtocolInterface: BC62157E-3E33-4FEC-9920-2D3B36D750DF 70A5718
ProtectUefiImageCommon - 0x70A57C0
  - 0x0000000006DCD000 - 0x0000000000014500
InstallProtocolInterface: 9BBE29E9-FDA1-41EC-AD52-452213742D2E 6DDF1D0
InstallProtocolInterface: 4311EDC0-6054-46D4-9E40-893EA952FCCC 6DDF1E8
Loading driver 4110465D-5FF3-4F4B-B580-24ED0D06747A
InstallProtocolInterface: 5B1B31A1-9562-11D2-8E3F-00A0C969723B 705B0C0
Loading driver at 0x00007035000 EntryPoint=0x00007035E12 SmbiosPlatformDxe.efi
InstallProtocolInterface: BC62157E-3E33-4FEC-9920-2D3B36D750DF 705B998
ProtectUefiImageCommon - 0x705B0C0
  - 0x0000000007035000 - 0x00000000000032C0
Select Item: 0x0
FW CFG Signature: 0x554D4551
Select Item: 0x1
FW CFG Revision: 0x3
QemuFwCfg interface (DMA) is supported.
Select Item: 0x19
Select Item: 0x26
SmbiosAdd: Smbios type 1 with size 0x54 is added to 32-bit table
SmbiosCreateTable: Initialize 32-bit entry point structure
SmbiosCreateTable() re-allocate SMBIOS 32-bit table
SmbiosAdd: Smbios type 3 with size 0x2C is added to 32-bit table
SmbiosAdd: Smbios type 4 with size 0x47 is added to 32-bit table
SmbiosAdd: Smbios type 16 with size 0x19 is added to 32-bit table
SmbiosAdd: Smbios type 17 with size 0x35 is added to 32-bit table
SmbiosAdd: Smbios type 19 with size 0x21 is added to 32-bit table
SmbiosAdd: Smbios type 32 with size 0xD is added to 32-bit table
SmbiosAdd: Smbios type 0 with size 0x4A is added to 32-bit table
Loading driver D9DCC5DF-4007-435E-9098-8970935504B2
InstallProtocolInterface: 5B1B31A1-9562-11D2-8E3F-00A0C969723B 70441C0
Loading driver at 0x0000701B000 EntryPoint=0x0000701C9A2 PlatformDxe.efi
InstallProtocolInterface: BC62157E-3E33-4FEC-9920-2D3B36D750DF 705B598
ProtectUefiImageCommon - 0x70441C0
  - 0x000000000701B000 - 0x0000000000005200
InstallProtocolInterface: 09576E91-6D3F-11D2-8E39-00A0C969723B 701FFE0
InstallProtocolInterface: 330D4706-F2A0-4E4F-A369-B66FA8D54385 70200D0
Loading driver 93B80004-9FB3-11D4-9A3A-0090273FC14D
InstallProtocolInterface: 5B1B31A1-9562-11D2-8E3F-00A0C969723B 70430C0
Loading driver at 0x00006DBC000 EntryPoint=0x00006DC572C PciBusDxe.efi
InstallProtocolInterface: BC62157E-3E33-4FEC-9920-2D3B36D750DF 7043318
ProtectUefiImageCommon - 0x70430C0
  - 0x0000000006DBC000 - 0x0000000000010800
InstallProtocolInterface: 18A031AB-B443-4D1A-A5C0-0C09261E9F71 6DCC440
InstallProtocolInterface: 107A772C-D5E1-11D4-9A46-0090273FC14D 6DCC3F0
InstallProtocolInterface: 6A7A5CFF-E8D9-4F70-BADA-75AB3025CE14 6DCC3D0
InstallProtocolInterface: 19CB87AB-2CB9-4665-8360-DDCF6054F79D 6DCC3B0
Loading driver 83DD3B39-7CAF-4FAC-A542-E050B767E3A7
InstallProtocolInterface: 5B1B31A1-9562-11D2-8E3F-00A0C969723B 70421C0
Loading driver at 0x0000702D000 EntryPoint=0x0000702D443 VirtioPciDeviceDxe.efi
InstallProtocolInterface: BC62157E-3E33-4FEC-9920-2D3B36D750DF 7042B98
ProtectUefiImageCommon - 0x70421C0
  - 0x000000000702D000 - 0x0000000000003340
InstallProtocolInterface: 18A031AB-B443-4D1A-A5C0-0C09261E9F71 70301E0
InstallProtocolInterface: 107A772C-D5E1-11D4-9A46-0090273FC14D 70301B0
InstallProtocolInterface: 6A7A5CFF-E8D9-4F70-BADA-75AB3025CE14 7030190
Loading driver 0170F60C-1D40-4651-956D-F0BD9879D527
InstallProtocolInterface: 5B1B31A1-9562-11D2-8E3F-00A0C969723B 7042540
Loading driver at 0x0000700F000 EntryPoint=0x00007010A10 Virtio10.efi
InstallProtocolInterface: BC62157E-3E33-4FEC-9920-2D3B36D750DF 7041F98
ProtectUefiImageCommon - 0x7042540
  - 0x000000000700F000 - 0x0000000000005480
InstallProtocolInterface: 18A031AB-B443-4D1A-A5C0-0C09261E9F71 7014300
InstallProtocolInterface: 107A772C-D5E1-11D4-9A46-0090273FC14D 70142E0
InstallProtocolInterface: 6A7A5CFF-E8D9-4F70-BADA-75AB3025CE14 70142C0
Loading driver 11D92DFB-3CA9-4F93-BA2E-4780ED3E03B5
InstallProtocolInterface: 5B1B31A1-9562-11D2-8E3F-00A0C969723B 70417C0
Loading driver at 0x00007017000 EntryPoint=0x000070193CA VirtioBlkDxe.efi
InstallProtocolInterface: BC62157E-3E33-4FEC-9920-2D3B36D750DF 7041118
ProtectUefiImageCommon - 0x70417C0
  - 0x0000000007017000 - 0x0000000000003980
InstallProtocolInterface: 18A031AB-B443-4D1A-A5C0-0C09261E9F71 701A800
InstallProtocolInterface: 107A772C-D5E1-11D4-9A46-0090273FC14D 701A7D0
InstallProtocolInterface: 6A7A5CFF-E8D9-4F70-BADA-75AB3025CE14 701A7B0
Loading driver FAB5D4F4-83C0-4AAF-8480-442D11DF6CEA
InstallProtocolInterface: 5B1B31A1-9562-11D2-8E3F-00A0C969723B 7040040
Loading driver at 0x0000700B000 EntryPoint=0x0000700D97B VirtioScsiDxe.efi
InstallProtocolInterface: BC62157E-3E33-4FEC-9920-2D3B36D750DF 7041418
ProtectUefiImageCommon - 0x7040040
  - 0x000000000700B000 - 0x0000000000003E40
InstallProtocolInterface: 18A031AB-B443-4D1A-A5C0-0C09261E9F71 700ECC0
InstallProtocolInterface: 107A772C-D5E1-11D4-9A46-0090273FC14D 700EC90
InstallProtocolInterface: 6A7A5CFF-E8D9-4F70-BADA-75AB3025CE14 700EC70
Loading driver 58E26F0D-CBAC-4BBA-B70F-18221415665A
InstallProtocolInterface: 5B1B31A1-9562-11D2-8E3F-00A0C969723B 70409C0
Loading driver at 0x00007007000 EntryPoint=0x00007008EA4 VirtioRngDxe.efi
InstallProtocolInterface: BC62157E-3E33-4FEC-9920-2D3B36D750DF 7040798
ProtectUefiImageCommon - 0x70409C0
  - 0x0000000007007000 - 0x0000000000003340
InstallProtocolInterface: 18A031AB-B443-4D1A-A5C0-0C09261E9F71 700A1E0
InstallProtocolInterface: 107A772C-D5E1-11D4-9A46-0090273FC14D 700A1B0
InstallProtocolInterface: 6A7A5CFF-E8D9-4F70-BADA-75AB3025CE14 700A190
Loading driver 30346B14-1580-4781-879D-BA0C55AE9BB2
InstallProtocolInterface: 5B1B31A1-9562-11D2-8E3F-00A0C969723B 7016040
Loading driver at 0x00007003000 EntryPoint=0x00007005356 PvScsiDxe.efi
InstallProtocolInterface: BC62157E-3E33-4FEC-9920-2D3B36D750DF 7016D18
ProtectUefiImageCommon - 0x7016040
  - 0x0000000007003000 - 0x0000000000003800
InstallProtocolInterface: 18A031AB-B443-4D1A-A5C0-0C09261E9F71 7006680
InstallProtocolInterface: 107A772C-D5E1-11D4-9A46-0090273FC14D 7006650
InstallProtocolInterface: 6A7A5CFF-E8D9-4F70-BADA-75AB3025CE14 7006630
Loading driver 2B3DB5DD-B315-4961-8454-0AFF3C811B19
InstallProtocolInterface: 5B1B31A1-9562-11D2-8E3F-00A0C969723B 7016440
Loading driver at 0x00006DB8000 EntryPoint=0x00006DBA279 MptScsiDxe.efi
InstallProtocolInterface: BC62157E-3E33-4FEC-9920-2D3B36D750DF 7016C18
ProtectUefiImageCommon - 0x7016440
  - 0x0000000006DB8000 - 0x00000000000037C0
InstallProtocolInterface: 18A031AB-B443-4D1A-A5C0-0C09261E9F71 6DBB640
InstallProtocolInterface: 107A772C-D5E1-11D4-9A46-0090273FC14D 6DBB610
InstallProtocolInterface: 6A7A5CFF-E8D9-4F70-BADA-75AB3025CE14 6DBB5F0
Loading driver 51CCF399-4FDF-4E55-A45B-E123F84D456A
InstallProtocolInterface: 5B1B31A1-9562-11D2-8E3F-00A0C969723B 7034B40
Loading driver at 0x00006DAE000 EntryPoint=0x00006DB0863 ConPlatformDxe.efi
InstallProtocolInterface: BC62157E-3E33-4FEC-9920-2D3B36D750DF 7016718
ProtectUefiImageCommon - 0x7034B40
  - 0x0000000006DAE000 - 0x0000000000004500
InstallProtocolInterface: 18A031AB-B443-4D1A-A5C0-0C09261E9F71 6DB22C0
InstallProtocolInterface: 107A772C-D5E1-11D4-9A46-0090273FC14D 6DB2220
InstallProtocolInterface: 6A7A5CFF-E8D9-4F70-BADA-75AB3025CE14 6DB2200
InstallProtocolInterface: 18A031AB-B443-4D1A-A5C0-0C09261E9F71 6DB2280
InstallProtocolInterface: 107A772C-D5E1-11D4-9A46-0090273FC14D 6DB2220
InstallProtocolInterface: 6A7A5CFF-E8D9-4F70-BADA-75AB3025CE14 6DB2200
Loading driver 408EDCEC-CF6D-477C-A5A8-B4844E3DE281
InstallProtocolInterface: 5B1B31A1-9562-11D2-8E3F-00A0C969723B 70341C0
Loading driver at 0x00006D9C000 EntryPoint=0x00006D9DD2D ConSplitterDxe.efi
InstallProtocolInterface: BC62157E-3E33-4FEC-9920-2D3B36D750DF 7034518
ProtectUefiImageCommon - 0x70341C0
  - 0x0000000006D9C000 - 0x0000000000008200
InstallProtocolInterface: 18A031AB-B443-4D1A-A5C0-0C09261E9F71 6DA3EA0
InstallProtocolInterface: 107A772C-D5E1-11D4-9A46-0090273FC14D 6DA3E70
InstallProtocolInterface: 6A7A5CFF-E8D9-4F70-BADA-75AB3025CE14 6DA3E50
InstallProtocolInterface: 18A031AB-B443-4D1A-A5C0-0C09261E9F71 6DA3E20
InstallProtocolInterface: 107A772C-D5E1-11D4-9A46-0090273FC14D 6DA3DF0
InstallProtocolInterface: 6A7A5CFF-E8D9-4F70-BADA-75AB3025CE14 6DA3DD0
InstallProtocolInterface: 18A031AB-B443-4D1A-A5C0-0C09261E9F71 6DA3DA0
InstallProtocolInterface: 107A772C-D5E1-11D4-9A46-0090273FC14D 6DA3D70
InstallProtocolInterface: 6A7A5CFF-E8D9-4F70-BADA-75AB3025CE14 6DA3D50
InstallProtocolInterface: 18A031AB-B443-4D1A-A5C0-0C09261E9F71 6DA3D20
InstallProtocolInterface: 107A772C-D5E1-11D4-9A46-0090273FC14D 6DA3CF0
InstallProtocolInterface: 6A7A5CFF-E8D9-4F70-BADA-75AB3025CE14 6DA3CD0
InstallProtocolInterface: 18A031AB-B443-4D1A-A5C0-0C09261E9F71 6DA3CA0
InstallProtocolInterface: 107A772C-D5E1-11D4-9A46-0090273FC14D 6DA3C70
InstallProtocolInterface: 6A7A5CFF-E8D9-4F70-BADA-75AB3025CE14 6DA3C50
InstallProtocolInterface: 387477C1-69C7-11D2-8E39-00A0C969723B 6DA3AD0
InstallProtocolInterface: DD9E7534-7762-4698-8C14-F58517A625AA 6DA3B00
InstallProtocolInterface: 31878C87-0B75-11D5-9A4F-0090273FC14D 6DA3B70
InstallProtocolInterface: 8D59D32B-C655-4AE9-9B15-F25904992A43 6DA3BC8
InstallProtocolInterface: 387477C2-69C7-11D2-8E39-00A0C969723B 6DA3F50
InstallProtocolInterface: 387477C2-69C7-11D2-8E39-00A0C969723B 6DA3970
Loading driver CCCB0C28-4B24-11D5-9A5A-0090273FC14D
InstallProtocolInterface: 5B1B31A1-9562-11D2-8E3F-00A0C969723B 70027C0
Loading driver at 0x00006D95000 EntryPoint=0x00006D982A2 GraphicsConsoleDxe.efi
InstallProtocolInterface: BC62157E-3E33-4FEC-9920-2D3B36D750DF 7032B98
ProtectUefiImageCommon - 0x70027C0
  - 0x0000000006D95000 - 0x0000000000006280
InstallProtocolInterface: 18A031AB-B443-4D1A-A5C0-0C09261E9F71 6D9B040
InstallProtocolInterface: 107A772C-D5E1-11D4-9A46-0090273FC14D 6D9B020
InstallProtocolInterface: 6A7A5CFF-E8D9-4F70-BADA-75AB3025CE14 6D9B000
Loading driver 9E863906-A40F-4875-977F-5B93FF237FC6
InstallProtocolInterface: 5B1B31A1-9562-11D2-8E3F-00A0C969723B 7001B40
Loading driver at 0x00006D8C000 EntryPoint=0x00006D8EADA TerminalDxe.efi
InstallProtocolInterface: BC62157E-3E33-4FEC-9920-2D3B36D750DF 7001E98
ProtectUefiImageCommon - 0x7001B40
  - 0x0000000006D8C000 - 0x00000000000086C0
InstallProtocolInterface: 18A031AB-B443-4D1A-A5C0-0C09261E9F71 6D94160
InstallProtocolInterface: 107A772C-D5E1-11D4-9A46-0090273FC14D 6D94140
InstallProtocolInterface: 6A7A5CFF-E8D9-4F70-BADA-75AB3025CE14 6D94120
Loading driver 806040CA-DAD9-4978-A3B4-2D2AB0C8A48F
InstallProtocolInterface: 5B1B31A1-9562-11D2-8E3F-00A0C969723B 70011C0
Loading driver at 0x00006D87000 EntryPoint=0x00006D8871A QemuKernelLoaderFsDxe.efi
InstallProtocolInterface: BC62157E-3E33-4FEC-9920-2D3B36D750DF 7001798
ProtectUefiImageCommon - 0x70011C0
  - 0x0000000006D87000 - 0x00000000000043C0
Select Item: 0x0
FW CFG Signature: 0x554D4551
Select Item: 0x1
FW CFG Revision: 0x3
QemuFwCfg interface (DMA) is supported.
Select Item: 0x17
Select Item: 0x8
Select Item: 0xB
Select Item: 0x14
Error: Image at 00006D87000 start failed: Not Found
Loading driver 6B38F7B4-AD98-40E9-9093-ACA2B5A253C4
InstallProtocolInterface: 5B1B31A1-9562-11D2-8E3F-00A0C969723B 70011C0
Loading driver at 0x00006D86000 EntryPoint=0x00006D889A7 DiskIoDxe.efi
InstallProtocolInterface: BC62157E-3E33-4FEC-9920-2D3B36D750DF 7001498
ProtectUefiImageCommon - 0x70011C0
  - 0x0000000006D86000 - 0x00000000000050C0
InstallProtocolInterface: 18A031AB-B443-4D1A-A5C0-0C09261E9F71 6D8AF60
InstallProtocolInterface: 107A772C-D5E1-11D4-9A46-0090273FC14D 6D8AF40
InstallProtocolInterface: 6A7A5CFF-E8D9-4F70-BADA-75AB3025CE14 6D8AF20
Loading driver 1FA1F39E-FEFF-4AAE-BD7B-38A070A3B609
InstallProtocolInterface: 5B1B31A1-9562-11D2-8E3F-00A0C969723B 7000CC0
Loading driver at 0x00006D7F000 EntryPoint=0x00006D834D9 PartitionDxe.efi
InstallProtocolInterface: BC62157E-3E33-4FEC-9920-2D3B36D750DF 7000898
ProtectUefiImageCommon - 0x7000CC0
  - 0x0000000006D7F000 - 0x0000000000006C00
InstallProtocolInterface: 18A031AB-B443-4D1A-A5C0-0C09261E9F71 6D85A60
InstallProtocolInterface: 107A772C-D5E1-11D4-9A46-0090273FC14D 6D85A30
InstallProtocolInterface: 6A7A5CFF-E8D9-4F70-BADA-75AB3025CE14 6D85A10
Loading driver CD3BAFB6-50FB-4FE8-8E4E-AB74D2C1A600
InstallProtocolInterface: 5B1B31A1-9562-11D2-8E3F-00A0C969723B 70003C0
Loading driver at 0x00006DA8000 EntryPoint=0x00006DA9343 EnglishDxe.efi
InstallProtocolInterface: BC62157E-3E33-4FEC-9920-2D3B36D750DF 7000718
ProtectUefiImageCommon - 0x70003C0
  - 0x0000000006DA8000 - 0x0000000000002380
InstallProtocolInterface: 1D85CD7F-F43D-11D2-9A0C-0090273FC14D 6DA9EE0
InstallProtocolInterface: A4C751FC-23AE-4C3E-92E9-4964CF63F349 6DA9E80
Loading driver 0167CCC4-D0F7-4F21-A3EF-9E64B7CDCE8B
InstallProtocolInterface: 5B1B31A1-9562-11D2-8E3F-00A0C969723B 6DB78C0
Loading driver at 0x00006D75000 EntryPoint=0x00006D761EC ScsiBus.efi
InstallProtocolInterface: BC62157E-3E33-4FEC-9920-2D3B36D750DF 6DB7198
ProtectUefiImageCommon - 0x6DB78C0
  - 0x0000000006D75000 - 0x0000000000004340
InstallProtocolInterface: 18A031AB-B443-4D1A-A5C0-0C09261E9F71 6D79160
InstallProtocolInterface: 107A772C-D5E1-11D4-9A46-0090273FC14D 6D79130
InstallProtocolInterface: 6A7A5CFF-E8D9-4F70-BADA-75AB3025CE14 6D79110
Loading driver 0A66E322-3740-4CCE-AD62-BD172CECCA35
InstallProtocolInterface: 5B1B31A1-9562-11D2-8E3F-00A0C969723B 6DB73C0
Loading driver at 0x00006D5F000 EntryPoint=0x00006D605EB ScsiDisk.efi
InstallProtocolInterface: BC62157E-3E33-4FEC-9920-2D3B36D750DF 6DB6F98
ProtectUefiImageCommon - 0x6DB73C0
  - 0x0000000006D5F000 - 0x000000000000A7C0
InstallProtocolInterface: 18A031AB-B443-4D1A-A5C0-0C09261E9F71 6D695C0
InstallProtocolInterface: 107A772C-D5E1-11D4-9A46-0090273FC14D 6D695A0
InstallProtocolInterface: 6A7A5CFF-E8D9-4F70-BADA-75AB3025CE14 6D69580
Loading driver 021722D8-522B-4079-852A-FE44C2C13F49
InstallProtocolInterface: 5B1B31A1-9562-11D2-8E3F-00A0C969723B 6DB6140
Loading driver at 0x00006D71000 EntryPoint=0x00006D7302A SataController.efi
InstallProtocolInterface: BC62157E-3E33-4FEC-9920-2D3B36D750DF 6DB6398
ProtectUefiImageCommon - 0x6DB6140
  - 0x0000000006D71000 - 0x0000000000003640
InstallProtocolInterface: 18A031AB-B443-4D1A-A5C0-0C09261E9F71 6D744E0
InstallProtocolInterface: 107A772C-D5E1-11D4-9A46-0090273FC14D 6D744B0
InstallProtocolInterface: 6A7A5CFF-E8D9-4F70-BADA-75AB3025CE14 6D74490
Loading driver 5E523CB4-D397-4986-87BD-A6DD8B22F455
InstallProtocolInterface: 5B1B31A1-9562-11D2-8E3F-00A0C969723B 6DB3040
Loading driver at 0x00006D47000 EntryPoint=0x00006D4A22E AtaAtapiPassThruDxe.efi
InstallProtocolInterface: BC62157E-3E33-4FEC-9920-2D3B36D750DF 6DB6598
ProtectUefiImageCommon - 0x6DB3040
  - 0x0000000006D47000 - 0x000000000000BC00
InstallProtocolInterface: 18A031AB-B443-4D1A-A5C0-0C09261E9F71 6D52920
InstallProtocolInterface: 107A772C-D5E1-11D4-9A46-0090273FC14D 6D52900
InstallProtocolInterface: 6A7A5CFF-E8D9-4F70-BADA-75AB3025CE14 6D528E0
Loading driver 19DF145A-B1D4-453F-8507-38816676D7F6
InstallProtocolInterface: 5B1B31A1-9562-11D2-8E3F-00A0C969723B 6DB39C0
Loading driver at 0x00006D58000 EntryPoint=0x00006D5A705 AtaBusDxe.efi
InstallProtocolInterface: BC62157E-3E33-4FEC-9920-2D3B36D750DF 6DB3818
ProtectUefiImageCommon - 0x6DB39C0
  - 0x0000000006D58000 - 0x0000000000006B80
InstallProtocolInterface: 18A031AB-B443-4D1A-A5C0-0C09261E9F71 6D5E9A0
InstallProtocolInterface: 107A772C-D5E1-11D4-9A46-0090273FC14D 6D5E980
InstallProtocolInterface: 6A7A5CFF-E8D9-4F70-BADA-75AB3025CE14 6D5E960
Loading driver 5BE3BDF4-53CF-46A3-A6A9-73C34A6E5EE3
InstallProtocolInterface: 5B1B31A1-9562-11D2-8E3F-00A0C969723B 6DAD040
Loading driver at 0x00006D31000 EntryPoint=0x00006D355D1 NvmExpressDxe.efi
InstallProtocolInterface: BC62157E-3E33-4FEC-9920-2D3B36D750DF 6DADD18
ProtectUefiImageCommon - 0x6DAD040
  - 0x0000000006D31000 - 0x000000000000AB80
InstallProtocolInterface: 18A031AB-B443-4D1A-A5C0-0C09261E9F71 6D3B920
InstallProtocolInterface: 107A772C-D5E1-11D4-9A46-0090273FC14D 6D3B8F0
InstallProtocolInterface: 6A7A5CFF-E8D9-4F70-BADA-75AB3025CE14 6D3B8D0
InstallProtocolInterface: 5C198761-16A8-4E69-972C-89D67954F81D 6D3B8C0
Loading driver 864E1CA8-85EB-4D63-9DCC-6E0FC90FFD55
InstallProtocolInterface: 5B1B31A1-9562-11D2-8E3F-00A0C969723B 6DAD440
Loading driver at 0x00006D6D000 EntryPoint=0x00006D6D3F5 SioBusDxe.efi
InstallProtocolInterface: BC62157E-3E33-4FEC-9920-2D3B36D750DF 6DAD398
ProtectUefiImageCommon - 0x6DAD440
  - 0x0000000006D6D000 - 0x00000000000035C0
InstallProtocolInterface: 18A031AB-B443-4D1A-A5C0-0C09261E9F71 6D70420
InstallProtocolInterface: 107A772C-D5E1-11D4-9A46-0090273FC14D 6D703F0
InstallProtocolInterface: 6A7A5CFF-E8D9-4F70-BADA-75AB3025CE14 6D703D0
Loading driver E2775B47-D453-4EE3-ADA7-391A1B05AC17
InstallProtocolInterface: 5B1B31A1-9562-11D2-8E3F-00A0C969723B 6DACB40
Loading driver at 0x00006D2A000 EntryPoint=0x00006D2B6B4 PciSioSerialDxe.efi
InstallProtocolInterface: BC62157E-3E33-4FEC-9920-2D3B36D750DF 6DACE98
ProtectUefiImageCommon - 0x6DACB40
  - 0x0000000006D2A000 - 0x0000000000006D80
InstallProtocolInterface: 18A031AB-B443-4D1A-A5C0-0C09261E9F71 6D30B60
InstallProtocolInterface: 107A772C-D5E1-11D4-9A46-0090273FC14D 6D30B40
InstallProtocolInterface: 6A7A5CFF-E8D9-4F70-BADA-75AB3025CE14 6D30B20
Loading driver C4D1F932-821F-4744-BF06-6D30F7730F8D
InstallProtocolInterface: 5B1B31A1-9562-11D2-8E3F-00A0C969723B 6DAC1C0
Loading driver at 0x00006D24000 EntryPoint=0x00006D26453 Ps2KeyboardDxe.efi
InstallProtocolInterface: BC62157E-3E33-4FEC-9920-2D3B36D750DF 6DAC498
ProtectUefiImageCommon - 0x6DAC1C0
  - 0x0000000006D24000 - 0x0000000000005F00
InstallProtocolInterface: 18A031AB-B443-4D1A-A5C0-0C09261E9F71 6D29D40
InstallProtocolInterface: 107A772C-D5E1-11D4-9A46-0090273FC14D 6D29D20
InstallProtocolInterface: 6A7A5CFF-E8D9-4F70-BADA-75AB3025CE14 6D29D00
Loading driver B8E62775-BB0A-43F0-A843-5BE8B14F8CCD
InstallProtocolInterface: 5B1B31A1-9562-11D2-8E3F-00A0C969723B 6DABCC0
Loading driver at 0x00006D7C000 EntryPoint=0x00006D7C658 BootGraphicsResourceTableDxe.efi
InstallProtocolInterface: BC62157E-3E33-4FEC-9920-2D3B36D750DF 6DABB18
ProtectUefiImageCommon - 0x6DABCC0
  - 0x0000000006D7C000 - 0x0000000000002C80
InstallProtocolInterface: CDEA2BD3-FC25-4C1C-B97C-B31186064990 6D7EA40
InstallProtocolInterface: 4B5DC1DF-1EAA-48B2-A7E9-EAC489A00B5C 6D7EA20
Loading driver 961578FE-B6B7-44C3-AF35-6BC705CD2B1F
InstallProtocolInterface: 5B1B31A1-9562-11D2-8E3F-00A0C969723B 6DA7040
Loading driver at 0x00006D19000 EntryPoint=0x00006D20233 Fat.efi
InstallProtocolInterface: BC62157E-3E33-4FEC-9920-2D3B36D750DF 6DAB698
ProtectUefiImageCommon - 0x6DA7040
  - 0x0000000006D19000 - 0x000000000000A900
InstallProtocolInterface: 18A031AB-B443-4D1A-A5C0-0C09261E9F71 6D23740
InstallProtocolInterface: 107A772C-D5E1-11D4-9A46-0090273FC14D 6D23710
InstallProtocolInterface: 6A7A5CFF-E8D9-4F70-BADA-75AB3025CE14 6D236F0
Loading driver 905F13B0-8F91-4B0A-BD76-E1E78F9422E4
InstallProtocolInterface: 5B1B31A1-9562-11D2-8E3F-00A0C969723B 6DA72C0
Loading driver at 0x00006D12000 EntryPoint=0x00006D16125 UdfDxe.efi
InstallProtocolInterface: BC62157E-3E33-4FEC-9920-2D3B36D750DF 6DA7A98
ProtectUefiImageCommon - 0x6DA72C0
  - 0x0000000006D12000 - 0x0000000000006700
InstallProtocolInterface: 18A031AB-B443-4D1A-A5C0-0C09261E9F71 6D18580
InstallProtocolInterface: 107A772C-D5E1-11D4-9A46-0090273FC14D 6D18550
InstallProtocolInterface: 6A7A5CFF-E8D9-4F70-BADA-75AB3025CE14 6D18530
Loading driver 7BD9DDF7-8B83-488E-AEC9-24C78610289C
InstallProtocolInterface: 5B1B31A1-9562-11D2-8E3F-00A0C969723B 6DA7740
Loading driver at 0x00006D08000 EntryPoint=0x00006D0F25E VirtioFsDxe.efi
InstallProtocolInterface: BC62157E-3E33-4FEC-9920-2D3B36D750DF 6DA6F98
ProtectUefiImageCommon - 0x6DA7740
  - 0x0000000006D08000 - 0x0000000000009A80
InstallProtocolInterface: 18A031AB-B443-4D1A-A5C0-0C09261E9F71 6D119A0
InstallProtocolInterface: 6A7A5CFF-E8D9-4F70-BADA-75AB3025CE14 6D11980
Loading driver A2F436EA-A127-4EF8-957C-8048606FF670
InstallProtocolInterface: 5B1B31A1-9562-11D2-8E3F-00A0C969723B 6DA61C0
Loading driver at 0x00006D00000 EntryPoint=0x00006D03A54 SnpDxe.efi
InstallProtocolInterface: BC62157E-3E33-4FEC-9920-2D3B36D750DF 6DA6A18
ProtectUefiImageCommon - 0x6DA61C0
  - 0x0000000006D00000 - 0x0000000000007B80
InstallProtocolInterface: 18A031AB-B443-4D1A-A5C0-0C09261E9F71 6D07A20
InstallProtocolInterface: 107A772C-D5E1-11D4-9A46-0090273FC14D 6D07A00
InstallProtocolInterface: 6A7A5CFF-E8D9-4F70-BADA-75AB3025CE14 6D079E0
Loading driver E4F61863-FE2C-4B56-A8F4-08519BC439DF
InstallProtocolInterface: 5B1B31A1-9562-11D2-8E3F-00A0C969723B 6DA6640
Loading driver at 0x00006CF8000 EntryPoint=0x00006CFBC40 VlanConfigDxe.efi
InstallProtocolInterface: BC62157E-3E33-4FEC-9920-2D3B36D750DF 6DA5E98
ProtectUefiImageCommon - 0x6DA6640
  - 0x0000000006CF8000 - 0x0000000000007680
InstallProtocolInterface: 18A031AB-B443-4D1A-A5C0-0C09261E9F71 6CFEEC0
InstallProtocolInterface: 107A772C-D5E1-11D4-9A46-0090273FC14D 6CFEEA0
InstallProtocolInterface: 6A7A5CFF-E8D9-4F70-BADA-75AB3025CE14 6CFEE80
Loading driver 025BBFC7-E6A9-4B8B-82AD-6815A1AEAF4A
InstallProtocolInterface: 5B1B31A1-9562-11D2-8E3F-00A0C969723B 6DA57C0
Loading driver at 0x00006CE0000 EntryPoint=0x00006CE2954 MnpDxe.efi
InstallProtocolInterface: BC62157E-3E33-4FEC-9920-2D3B36D750DF 6DA5698
ProtectUefiImageCommon - 0x6DA57C0
  - 0x0000000006CE0000 - 0x000000000000B280
InstallProtocolInterface: 18A031AB-B443-4D1A-A5C0-0C09261E9F71 6CEAFC0
InstallProtocolInterface: 107A772C-D5E1-11D4-9A46-0090273FC14D 6CEAFA0
InstallProtocolInterface: 6A7A5CFF-E8D9-4F70-BADA-75AB3025CE14 6CEAF80
Loading driver 529D3F93-E8E9-4E73-B1E1-BDF6A9D50113
InstallProtocolInterface: 5B1B31A1-9562-11D2-8E3F-00A0C969723B 6D7B040
Loading driver at 0x00006CF1000 EntryPoint=0x00006CF4C6A ArpDxe.efi
InstallProtocolInterface: BC62157E-3E33-4FEC-9920-2D3B36D750DF 6D7BF18
ProtectUefiImageCommon - 0x6D7B040
  - 0x0000000006CF1000 - 0x0000000000006540
InstallProtocolInterface: 18A031AB-B443-4D1A-A5C0-0C09261E9F71 6CF73A0
InstallProtocolInterface: 107A772C-D5E1-11D4-9A46-0090273FC14D 6CF7370
InstallProtocolInterface: 6A7A5CFF-E8D9-4F70-BADA-75AB3025CE14 6CF7350
Loading driver 94734718-0BBC-47FB-96A5-EE7A5AE6A2AD
InstallProtocolInterface: 5B1B31A1-9562-11D2-8E3F-00A0C969723B 6D7B9C0
Loading driver at 0x00006CC8000 EntryPoint=0x00006CCA750 Dhcp4Dxe.efi
InstallProtocolInterface: BC62157E-3E33-4FEC-9920-2D3B36D750DF 6D7B398
ProtectUefiImageCommon - 0x6D7B9C0
  - 0x0000000006CC8000 - 0x000000000000B100
InstallProtocolInterface: 18A031AB-B443-4D1A-A5C0-0C09261E9F71 6CD2200
InstallProtocolInterface: 107A772C-D5E1-11D4-9A46-0090273FC14D 6CD21E0
InstallProtocolInterface: 6A7A5CFF-E8D9-4F70-BADA-75AB3025CE14 6CD21C0
Loading driver 9FB1A1F3-3B71-4324-B39A-745CBB015FFF
InstallProtocolInterface: 5B1B31A1-9562-11D2-8E3F-00A0C969723B 6D7A040
Loading driver at 0x00006C9E000 EntryPoint=0x00006CA8DB6 Ip4Dxe.efi
InstallProtocolInterface: BC62157E-3E33-4FEC-9920-2D3B36D750DF 6D7AE98
ProtectUefiImageCommon - 0x6D7A040
  - 0x0000000006C9E000 - 0x00000000000148C0
InstallProtocolInterface: 18A031AB-B443-4D1A-A5C0-0C09261E9F71 6CB1F80
InstallProtocolInterface: 107A772C-D5E1-11D4-9A46-0090273FC14D 6CB1F50
InstallProtocolInterface: 6A7A5CFF-E8D9-4F70-BADA-75AB3025CE14 6CB1F30
Loading driver 6D6963AB-906D-4A65-A7CA-BD40E5D6AF2B
InstallProtocolInterface: 5B1B31A1-9562-11D2-8E3F-00A0C969723B 6D7A4C0
Loading driver at 0x00006CD6000 EntryPoint=0x00006CDA54F Udp4Dxe.efi
InstallProtocolInterface: BC62157E-3E33-4FEC-9920-2D3B36D750DF 6D6CF18
ProtectUefiImageCommon - 0x6D7A4C0
  - 0x0000000006CD6000 - 0x00000000000096C0
InstallProtocolInterface: 18A031AB-B443-4D1A-A5C0-0C09261E9F71 6CDF420
InstallProtocolInterface: 107A772C-D5E1-11D4-9A46-0090273FC14D 6CDF3F0
InstallProtocolInterface: 6A7A5CFF-E8D9-4F70-BADA-75AB3025CE14 6CDF3D0
Loading driver DC3641B8-2FA8-4ED3-BC1F-F9962A03454B
InstallProtocolInterface: 5B1B31A1-9562-11D2-8E3F-00A0C969723B 6D6CBC0
Loading driver at 0x00006CBE000 EntryPoint=0x00006CC4C17 Mtftp4Dxe.efi
InstallProtocolInterface: BC62157E-3E33-4FEC-9920-2D3B36D750DF 6D6CA98
ProtectUefiImageCommon - 0x6D6CBC0
  - 0x0000000006CBE000 - 0x0000000000009E00
InstallProtocolInterface: 18A031AB-B443-4D1A-A5C0-0C09261E9F71 6CC7C80
InstallProtocolInterface: 107A772C-D5E1-11D4-9A46-0090273FC14D 6CC7C60
InstallProtocolInterface: 6A7A5CFF-E8D9-4F70-BADA-75AB3025CE14 6CC7C40
Loading driver 1A7E4468-2F55-4A56-903C-01265EB7622B
InstallProtocolInterface: 5B1B31A1-9562-11D2-8E3F-00A0C969723B 6D6C2C0
Loading driver at 0x00006C76000 EntryPoint=0x00006C7BC0C TcpDxe.efi
InstallProtocolInterface: BC62157E-3E33-4FEC-9920-2D3B36D750DF 6D6C098
ProtectUefiImageCommon - 0x6D6C2C0
  - 0x0000000006C76000 - 0x00000000000133C0
InstallProtocolInterface: 18A031AB-B443-4D1A-A5C0-0C09261E9F71 6C89020
InstallProtocolInterface: 107A772C-D5E1-11D4-9A46-0090273FC14D 6C890A0
InstallProtocolInterface: 6A7A5CFF-E8D9-4F70-BADA-75AB3025CE14 6C89080
InstallProtocolInterface: 18A031AB-B443-4D1A-A5C0-0C09261E9F71 6C88FE0
InstallProtocolInterface: 107A772C-D5E1-11D4-9A46-0090273FC14D 6C890A0
InstallProtocolInterface: 6A7A5CFF-E8D9-4F70-BADA-75AB3025CE14 6C89080
Loading driver B95E9FDA-26DE-48D2-8807-1F9107AC5E3A
InstallProtocolInterface: 5B1B31A1-9562-11D2-8E3F-00A0C969723B 6D6B240
Loading driver at 0x00006C63000 EntryPoint=0x00006C64879 UefiPxeBcDxe.efi
InstallProtocolInterface: BC62157E-3E33-4FEC-9920-2D3B36D750DF 6D6B998
ProtectUefiImageCommon - 0x6D6B240
  - 0x0000000006C63000 - 0x0000000000012900
Select Item: 0x0
FW CFG Signature: 0x554D4551
Select Item: 0x1
FW CFG Revision: 0x3
QemuFwCfg interface (DMA) is supported.
Select Item: 0x19
Select Item: 0x19
InstallProtocolInterface: 18A031AB-B443-4D1A-A5C0-0C09261E9F71 6C75500
InstallProtocolInterface: 107A772C-D5E1-11D4-9A46-0090273FC14D 6C75660
InstallProtocolInterface: 6A7A5CFF-E8D9-4F70-BADA-75AB3025CE14 6C75640
InstallProtocolInterface: 18A031AB-B443-4D1A-A5C0-0C09261E9F71 6C754C0
InstallProtocolInterface: 107A772C-D5E1-11D4-9A46-0090273FC14D 6C75660
InstallProtocolInterface: 6A7A5CFF-E8D9-4F70-BADA-75AB3025CE14 6C75640
Loading driver 86CDDF93-4872-4597-8AF9-A35AE4D3725F
InstallProtocolInterface: 5B1B31A1-9562-11D2-8E3F-00A0C969723B 6D6A0C0
Loading driver at 0x00006C23000 EntryPoint=0x00006C25B6B IScsiDxe.efi
InstallProtocolInterface: BC62157E-3E33-4FEC-9920-2D3B36D750DF 6D6B098
ProtectUefiImageCommon - 0x6D6A0C0
  - 0x0000000006C23000 - 0x000000000001FD40
InstallProtocolInterface: 18A031AB-B443-4D1A-A5C0-0C09261E9F71 6C427E0
InstallProtocolInterface: 107A772C-D5E1-11D4-9A46-0090273FC14D 6C42AF0
InstallProtocolInterface: 6A7A5CFF-E8D9-4F70-BADA-75AB3025CE14 6C42AD0
InstallProtocolInterface: 18A031AB-B443-4D1A-A5C0-0C09261E9F71 6C427A0
InstallProtocolInterface: 107A772C-D5E1-11D4-9A46-0090273FC14D 6C42AF0
InstallProtocolInterface: 6A7A5CFF-E8D9-4F70-BADA-75AB3025CE14 6C42AD0
InstallProtocolInterface: 59324945-EC44-4C0D-B1CD-9DB139DF070C 6C42790
InstallProtocolInterface: 09576E91-6D3F-11D2-8E39-00A0C969723B 6C42740
InstallProtocolInterface: 330D4706-F2A0-4E4F-A369-B66FA8D54385 6D6A728
InstallProtocolInterface: 7671D9D0-53DB-4173-AA69-2327F21F0BC7 6C42770
Loading driver A92CDB4B-82F1-4E0B-A516-8A655D371524
InstallProtocolInterface: 5B1B31A1-9562-11D2-8E3F-00A0C969723B 6D57640
Loading driver at 0x00006C98000 EntryPoint=0x00006C9ABEC VirtioNetDxe.efi
InstallProtocolInterface: BC62157E-3E33-4FEC-9920-2D3B36D750DF 6D57B98
ProtectUefiImageCommon - 0x6D57640
  - 0x0000000006C98000 - 0x0000000000005EC0
InstallProtocolInterface: 18A031AB-B443-4D1A-A5C0-0C09261E9F71 6C9DD60
InstallProtocolInterface: 107A772C-D5E1-11D4-9A46-0090273FC14D 6C9DD40
InstallProtocolInterface: 6A7A5CFF-E8D9-4F70-BADA-75AB3025CE14 6C9DD20
Loading driver 2FB92EFA-2EE0-4BAE-9EB6-7464125E1EF7
InstallProtocolInterface: 5B1B31A1-9562-11D2-8E3F-00A0C969723B 6D46D40
Loading driver at 0x00006C90000 EntryPoint=0x00006C9553C UhciDxe.efi
InstallProtocolInterface: BC62157E-3E33-4FEC-9920-2D3B36D750DF 6D46598
ProtectUefiImageCommon - 0x6D46D40
  - 0x0000000006C90000 - 0x00000000000076C0
InstallProtocolInterface: 18A031AB-B443-4D1A-A5C0-0C09261E9F71 6C97560
InstallProtocolInterface: 107A772C-D5E1-11D4-9A46-0090273FC14D 6C97530
InstallProtocolInterface: 6A7A5CFF-E8D9-4F70-BADA-75AB3025CE14 6C97510
Loading driver BDFE430E-8F2A-4DB0-9991-6F856594777E
InstallProtocolInterface: 5B1B31A1-9562-11D2-8E3F-00A0C969723B 6D46040
Loading driver at 0x00006C59000 EntryPoint=0x00006C59605 EhciDxe.efi
InstallProtocolInterface: BC62157E-3E33-4FEC-9920-2D3B36D750DF 6D54F98
ProtectUefiImageCommon - 0x6D46040
  - 0x0000000006C59000 - 0x00000000000091C0
InstallProtocolInterface: 18A031AB-B443-4D1A-A5C0-0C09261E9F71 6C61FC0
InstallProtocolInterface: 107A772C-D5E1-11D4-9A46-0090273FC14D 6C61F90
InstallProtocolInterface: 6A7A5CFF-E8D9-4F70-BADA-75AB3025CE14 6C61F70
Loading driver B7F50E91-A759-412C-ADE4-DCD03E7F7C28
InstallProtocolInterface: 5B1B31A1-9562-11D2-8E3F-00A0C969723B 6D54B40
Loading driver at 0x00006C15000 EntryPoint=0x00006C17B67 XhciDxe.efi
InstallProtocolInterface: BC62157E-3E33-4FEC-9920-2D3B36D750DF 6D54818
ProtectUefiImageCommon - 0x6D54B40
  - 0x0000000006C15000 - 0x000000000000D8C0
InstallProtocolInterface: 18A031AB-B443-4D1A-A5C0-0C09261E9F71 6C22680
InstallProtocolInterface: 107A772C-D5E1-11D4-9A46-0090273FC14D 6C22650
InstallProtocolInterface: 6A7A5CFF-E8D9-4F70-BADA-75AB3025CE14 6C22630
Loading driver 240612B7-A063-11D4-9A3A-0090273FC14D
InstallProtocolInterface: 5B1B31A1-9562-11D2-8E3F-00A0C969723B 6D53040
Loading driver at 0x00006C4F000 EntryPoint=0x00006C559B8 UsbBusDxe.efi
InstallProtocolInterface: BC62157E-3E33-4FEC-9920-2D3B36D750DF 6D53C18
ProtectUefiImageCommon - 0x6D53040
  - 0x0000000006C4F000 - 0x0000000000009B80
InstallProtocolInterface: 18A031AB-B443-4D1A-A5C0-0C09261E9F71 6C589E0
InstallProtocolInterface: 107A772C-D5E1-11D4-9A46-0090273FC14D 6C589B0
InstallProtocolInterface: 6A7A5CFF-E8D9-4F70-BADA-75AB3025CE14 6C58990
Loading driver 2D2E62CF-9ECF-43B7-8219-94E7FC713DFE
InstallProtocolInterface: 5B1B31A1-9562-11D2-8E3F-00A0C969723B 6D53D40
Loading driver at 0x00006C48000 EntryPoint=0x00006C49AB0 UsbKbDxe.efi
InstallProtocolInterface: BC62157E-3E33-4FEC-9920-2D3B36D750DF 6D53B18
ProtectUefiImageCommon - 0x6D53D40
  - 0x0000000006C48000 - 0x0000000000006BC0
InstallProtocolInterface: 18A031AB-B443-4D1A-A5C0-0C09261E9F71 6C4E940
InstallProtocolInterface: 107A772C-D5E1-11D4-9A46-0090273FC14D 6C4E910
InstallProtocolInterface: 6A7A5CFF-E8D9-4F70-BADA-75AB3025CE14 6C4E8F0
Loading driver 9FB4B4A7-42C0-4BCD-8540-9BCC6711F83E
InstallProtocolInterface: 5B1B31A1-9562-11D2-8E3F-00A0C969723B 6D535C0
Loading driver at 0x00006C8A000 EntryPoint=0x00006C8E027 UsbMassStorageDxe.efi
InstallProtocolInterface: BC62157E-3E33-4FEC-9920-2D3B36D750DF 6D3FB98
ProtectUefiImageCommon - 0x6D535C0
  - 0x0000000006C8A000 - 0x0000000000005F80
InstallProtocolInterface: 18A031AB-B443-4D1A-A5C0-0C09261E9F71 6C8FE00
InstallProtocolInterface: 107A772C-D5E1-11D4-9A46-0090273FC14D 6C8FDE0
InstallProtocolInterface: 6A7A5CFF-E8D9-4F70-BADA-75AB3025CE14 6C8FDC0
Loading driver E3752948-B9A1-4770-90C4-DF41C38986BE
InstallProtocolInterface: 5B1B31A1-9562-11D2-8E3F-00A0C969723B 6D3F540
Loading driver at 0x00006C0E000 EntryPoint=0x00006C10613 QemuVideoDxe.efi
InstallProtocolInterface: BC62157E-3E33-4FEC-9920-2D3B36D750DF 6D3FE18
ProtectUefiImageCommon - 0x6D3F540
  - 0x0000000006C0E000 - 0x0000000000006940
InstallProtocolInterface: 18A031AB-B443-4D1A-A5C0-0C09261E9F71 6C147A0
InstallProtocolInterface: 107A772C-D5E1-11D4-9A46-0090273FC14D 6C14770
InstallProtocolInterface: 6A7A5CFF-E8D9-4F70-BADA-75AB3025CE14 6C14750
Loading driver D6099B94-CD97-4CC5-8714-7F6312701A8A
InstallProtocolInterface: 5B1B31A1-9562-11D2-8E3F-00A0C969723B 6D3F7C0
Loading driver at 0x00006C07000 EntryPoint=0x00006C0A880 VirtioGpuDxe.efi
InstallProtocolInterface: BC62157E-3E33-4FEC-9920-2D3B36D750DF 6D3EB98
ProtectUefiImageCommon - 0x6D3F7C0
  - 0x0000000006C07000 - 0x0000000000006380
InstallProtocolInterface: 18A031AB-B443-4D1A-A5C0-0C09261E9F71 6C0D200
InstallProtocolInterface: 6A7A5CFF-E8D9-4F70-BADA-75AB3025CE14 6C0D1D0
[Bds] Entry...
[BdsDxe] Locate Variable Policy protocol - Success
Variable Driver Auto Update PlatformLang, PlatformLang:en, Lang:eng Status: Success
!!! DEPRECATED INTERFACE !!! VariableLockRequestToLock() will go away soon!
!!! DEPRECATED INTERFACE !!! Please move to use Variable Policy!
!!! DEPRECATED INTERFACE !!! Variable: 8BE4DF61-93CA-11D2-AA0D-00E098032B8C PlatformRecovery0000
PlatformBootManagerBeforeConsole
Registered NotifyDevPath Event
PCI Bus First Scanning
PciBus: Discovered PCI @ [00|00|00]

PciBus: Discovered PCI @ [00|01|00]

PciBus: Discovered PCI @ [00|01|01]
   BAR[4]: Type =   Io32; Alignment = 0xF;	Length = 0x10;	Offset = 0x20

PciBus: Discovered PCI @ [00|01|03]

PciBus: Discovered PCI @ [00|02|00]
   BAR[0]: Type = PMem32; Alignment = 0xFFFFFF;	Length = 0x1000000;	Offset = 0x10
   BAR[2]: Type =  Mem32; Alignment = 0xFFF;	Length = 0x1000;	Offset = 0x18

PCI Bus Second Scanning
PciBus: Discovered PCI @ [00|00|00]

PciBus: Discovered PCI @ [00|01|00]

PciBus: Discovered PCI @ [00|01|01]
   BAR[4]: Type =   Io32; Alignment = 0xF;	Length = 0x10;	Offset = 0x20

PciBus: Discovered PCI @ [00|01|03]

PciBus: Discovered PCI @ [00|02|00]
   BAR[0]: Type = PMem32; Alignment = 0xFFFFFF;	Length = 0x1000000;	Offset = 0x10
   BAR[2]: Type =  Mem32; Alignment = 0xFFF;	Length = 0x1000;	Offset = 0x18

PciBus: Discovered PCI @ [00|00|00]

PciBus: Discovered PCI @ [00|01|00]

PciBus: Discovered PCI @ [00|01|01]
   BAR[4]: Type =   Io32; Alignment = 0xF;	Length = 0x10;	Offset = 0x20

PciBus: Discovered PCI @ [00|01|03]

PciBus: Discovered PCI @ [00|02|00]
   BAR[0]: Type = PMem32; Alignment = 0xFFFFFF;	Length = 0x1000000;	Offset = 0x10
   BAR[2]: Type =  Mem32; Alignment = 0xFFF;	Length = 0x1000;	Offset = 0x18

PciHostBridge: SubmitResources for PciRoot(0x0)
 I/O: Granularity/SpecificFlag = 0 / 01
      Length/Alignment = 0x1000 / 0xFFF
 Mem: Granularity/SpecificFlag = 32 / 00
      Length/Alignment = 0x1100000 / 0xFFFFFF
PciBus: HostBridge->SubmitResources() - Success
PciHostBridge: NotifyPhase (AllocateResources)
 RootBridge: PciRoot(0x0)
  Mem: Base/Length/Alignment = 80000000/1100000/FFFFFF - Success
  I/O: Base/Length/Alignment = C000/1000/FFF - Success
PciBus: HostBridge->NotifyPhase(AllocateResources) - Success
Process Option ROM: BAR Base/Length = 81000000/10000
PciBus: Resource Map for Root Bridge PciRoot(0x0)
Type =   Io16; Base = 0xC000;	Length = 0x1000;	Alignment = 0xFFF
   Base = 0xC000;	Length = 0x10;	Alignment = 0xF;	Owner = PCI [00|01|01:20]
Type =  Mem32; Base = 0x80000000;	Length = 0x1100000;	Alignment = 0xFFFFFF
   Base = 0x80000000;	Length = 0x1000000;	Alignment = 0xFFFFFF;	Owner = PCI [00|02|00:10]; Type = PMem32
   Base = 0x81000000;	Length = 0x10000;	Alignment = 0xFFFF;	Owner = PCI [00|00|00:00]; Type =  OpRom
   Base = 0x81010000;	Length = 0x1000;	Alignment = 0xFFF;	Owner = PCI [00|02|00:18]

InstallProtocolInterface: 09576E91-6D3F-11D2-8E39-00A0C969723B 6D3E398
InstallProtocolInterface: 4CF5B200-68B8-4CA5-9EEC-B23E3F50029A 6D3D6A8
InstallProtocolInterface: 09576E91-6D3F-11D2-8E39-00A0C969723B 6D3E418
InstallProtocolInterface: 4CF5B200-68B8-4CA5-9EEC-B23E3F50029A 6D3C028
InstallProtocolInterface: 09576E91-6D3F-11D2-8E39-00A0C969723B 6D3CE98
InstallProtocolInterface: 4CF5B200-68B8-4CA5-9EEC-B23E3F50029A 6D3C428
InstallProtocolInterface: 09576E91-6D3F-11D2-8E39-00A0C969723B 6D3CF18
InstallProtocolInterface: 4CF5B200-68B8-4CA5-9EEC-B23E3F50029A 6D3C828
InstallProtocolInterface: 09576E91-6D3F-11D2-8E39-00A0C969723B 6D3CF98
InstallProtocolInterface: 4CF5B200-68B8-4CA5-9EEC-B23E3F50029A 6CF0028
InstallProtocolInterface: 30CFE3E7-3DE1-4586-BE20-DEABA1B3B793 0
OnRootBridgesConnected: root bridges have been connected, installing ACPI tables
Select Item: 0x19
Select Item: 0x28
Select Item: 0x19
Select Item: 0x27
Select Item: 0x19
Select Item: 0x21
Select Item: 0x19
Select Item: 0x22
InstallQemuFwCfgTables: installed 5 tables
PcRtc: Write 0x20 to CMOS location 0x32
[Variable]END_OF_DXE is signaled
Initialize variable error flag (FF)
AcpiS3ContextSave!
AcpiS3Context: AcpiFacsTable is 0x 7BDD000
AcpiS3Context: IdtrProfile is 0x 7B6C000
AcpiS3Context: S3NvsPageTableAddress is 0x       0
AcpiS3Context: S3DebugBufferAddress is 0x 7B62000
AcpiS3Context: BootScriptStackBase is 0x 7B63000
AcpiS3Context: BootScriptStackSize is 0x    8000
Found LPC Bridge device
BdsPlatform.c+706: COM1 DevPath: PciRoot(0x0)/Pci(0x1,0x0)/Serial(0x0)/Uart(115200,8,N,1)/VenMsg(E0C14753-F9BE-11D2-9A0C-0090273FC14D)
BdsPlatform.c+744: COM2 DevPath: PciRoot(0x0)/Pci(0x1,0x0)/Serial(0x1)/Uart(115200,8,N,1)/VenMsg(E0C14753-F9BE-11D2-9A0C-0090273FC14D)
Found PCI display device
QemuVideo: QEMU Standard VGA detected
QemuVideo: Using mmio bar @ 0x81010000
InstallProtocolInterface: 09576E91-6D3F-11D2-8E39-00A0C969723B 6CEF898
QemuVideoBochsModeSetup: AvailableFbSize=0x1000000
Adding Mode 0 as Bochs Internal Mode 0: 640x480, 32-bit
Adding Mode 1 as Bochs Internal Mode 1: 800x480, 32-bit
Adding Mode 2 as Bochs Internal Mode 2: 800x600, 32-bit
Adding Mode 3 as Bochs Internal Mode 3: 832x624, 32-bit
Adding Mode 4 as Bochs Internal Mode 4: 960x640, 32-bit
Adding Mode 5 as Bochs Internal Mode 5: 1024x600, 32-bit
Adding Mode 6 as Bochs Internal Mode 6: 1024x768, 32-bit
Adding Mode 7 as Bochs Internal Mode 7: 1152x864, 32-bit
Adding Mode 8 as Bochs Internal Mode 8: 1152x870, 32-bit
Adding Mode 9 as Bochs Internal Mode 9: 1280x720, 32-bit
Adding Mode 10 as Bochs Internal Mode 10: 1280x760, 32-bit
Adding Mode 11 as Bochs Internal Mode 11: 1280x768, 32-bit
Adding Mode 12 as Bochs Internal Mode 12: 1280x800, 32-bit
Adding Mode 13 as Bochs Internal Mode 13: 1280x960, 32-bit
Adding Mode 14 as Bochs Internal Mode 14: 1280x1024, 32-bit
Adding Mode 15 as Bochs Internal Mode 15: 1360x768, 32-bit
Adding Mode 16 as Bochs Internal Mode 16: 1366x768, 32-bit
Adding Mode 17 as Bochs Internal Mode 17: 1400x1050, 32-bit
Adding Mode 18 as Bochs Internal Mode 18: 1440x900, 32-bit
Adding Mode 19 as Bochs Internal Mode 19: 1600x900, 32-bit
Adding Mode 20 as Bochs Internal Mode 20: 1600x1200, 32-bit
Adding Mode 21 as Bochs Internal Mode 21: 1680x1050, 32-bit
Adding Mode 22 as Bochs Internal Mode 22: 1920x1080, 32-bit
Adding Mode 23 as Bochs Internal Mode 23: 1920x1200, 32-bit
Adding Mode 24 as Bochs Internal Mode 24: 1920x1440, 32-bit
Adding Mode 25 as Bochs Internal Mode 25: 2000x2000, 32-bit
Adding Mode 26 as Bochs Internal Mode 26: 2048x1536, 32-bit
Adding Mode 27 as Bochs Internal Mode 27: 2048x2048, 32-bit
Adding Mode 28 as Bochs Internal Mode 28: 2560x1440, 32-bit
Adding Mode 29 as Bochs Internal Mode 29: 2560x1600, 32-bit
InitializeBochsGraphicsMode: 640x480 @ 32
PixelBlueGreenRedReserved8BitPerColor
FrameBufferBase: 0x80000000, FrameBufferSize: 0x12C000
0: shl:0 shr:0 mask:FF0000
1: shl:0 shr:0 mask:FF00
2: shl:0 shr:0 mask:FF
Bytes per pixel: 4
0: shl:0 shr:0 mask:FF0000
1: shl:0 shr:0 mask:FF00
2: shl:0 shr:0 mask:FF
Bytes per pixel: 4
InstallProtocolInterface: 9042A9DE-23DC-4A38-96FB-7ADED080516A 6CEF2B8
InstallVbeShim: VBE shim installed
PixelBlueGreenRedReserved8BitPerColor
PixelBlueGreenRedReserved8BitPerColor
PixelBlueGreenRedReserved8BitPerColor
PixelBlueGreenRedReserved8BitPerColor
PixelBlueGreenRedReserved8BitPerColor
PixelBlueGreenRedReserved8BitPerColor
PixelBlueGreenRedReserved8BitPerColor
PixelBlueGreenRedReserved8BitPerColor
PixelBlueGreenRedReserved8BitPerColor
PixelBlueGreenRedReserved8BitPerColor
PixelBlueGreenRedReserved8BitPerColor
PixelBlueGreenRedReserved8BitPerColor
PixelBlueGreenRedReserved8BitPerColor
PixelBlueGreenRedReserved8BitPerColor
PixelBlueGreenRedReserved8BitPerColor
PixelBlueGreenRedReserved8BitPerColor
PixelBlueGreenRedReserved8BitPerColor
PixelBlueGreenRedReserved8BitPerColor
PixelBlueGreenRedReserved8BitPerColor
PixelBlueGreenRedReserved8BitPerColor
PixelBlueGreenRedReserved8BitPerColor
PixelBlueGreenRedReserved8BitPerColor
PixelBlueGreenRedReserved8BitPerColor
PixelBlueGreenRedReserved8BitPerColor
PixelBlueGreenRedReserved8BitPerColor
PixelBlueGreenRedReserved8BitPerColor
PixelBlueGreenRedReserved8BitPerColor
PixelBlueGreenRedReserved8BitPerColor
PixelBlueGreenRedReserved8BitPerColor
PixelBlueGreenRedReserved8BitPerColor
InstallProtocolInterface: 60FF8964-E906-41D0-AFED-F241E974E08E 0
InstallProtocolInterface: FA20568B-548B-4B2B-81EF-1BA08D4A3CEC 0
Found LPC Bridge device
BdsPlatform.c+706: COM1 DevPath: PciRoot(0x0)/Pci(0x1,0x0)/Serial(0x0)/Uart(115200,8,N,1)/VenMsg(E0C14753-F9BE-11D2-9A0C-0090273FC14D)
BdsPlatform.c+744: COM2 DevPath: PciRoot(0x0)/Pci(0x1,0x0)/Serial(0x1)/Uart(115200,8,N,1)/VenMsg(E0C14753-F9BE-11D2-9A0C-0090273FC14D)
Found PCI display device
Select Item: 0xE
[Bds]RegisterKeyNotify: 000C/0000 80000000/00 Success
[Bds]RegisterKeyNotify: 0017/0000 80000000/00 Success
[Bds]RegisterKeyNotify: 0000/000D 80000000/00 Success
InstallProtocolInterface: 864E1CA8-85EB-4D63-9DCC-6E0FC90FFD55 7043998
InstallProtocolInterface: 09576E91-6D3F-11D2-8E39-00A0C969723B 6CED598
InstallProtocolInterface: 215FDD18-BD50-4FEB-890B-58CA0B4739E9 6CEECB8
InstallProtocolInterface: 09576E91-6D3F-11D2-8E39-00A0C969723B 6CD5F18
InstallProtocolInterface: 215FDD18-BD50-4FEB-890B-58CA0B4739E9 6CED4B8
InstallProtocolInterface: 09576E91-6D3F-11D2-8E39-00A0C969723B 6CD5998
InstallProtocolInterface: 215FDD18-BD50-4FEB-890B-58CA0B4739E9 6CD5C38
ClockRate = 1843200
Divisor   = 1
BaudRate/Actual (115200/115200) = 100%
ClockRate = 1843200
Divisor   = 1
BaudRate/Actual (115200/115200) = 100%
InstallProtocolInterface: 09576E91-6D3F-11D2-8E39-00A0C969723B 6CD5398
InstallProtocolInterface: BB25CF6F-F1D4-11D2-9A0C-0090273FC1FD 6CD5128
PciSioSerial: Create SIO child serial device - Success
ClockRate = 1843200
Divisor   = 1
BaudRate/Actual (115200/115200) = 100%
Terminal - Mode 0, Column = 80, Row = 25
Terminal - Mode 1, Column = 80, Row = 50
Terminal - Mode 2, Column = 100, Row = 31
ClockRate = 1843200
Divisor   = 1
BaudRate/Actual (115200/115200) = 100%
InstallProtocolInterface: 387477C1-69C7-11D2-8E39-00A0C969723B 6CD4740
InstallProtocolInterface: DD9E7534-7762-4698-8C14-F58517A625AA 6CD4828
InstallProtocolInterface: 387477C2-69C7-11D2-8E39-00A0C969723B 6CD4758
InstallProtocolInterface: 09576E91-6D3F-11D2-8E39-00A0C969723B 6CD4918
InstallProtocolInterface: D3B36F2B-D551-11D4-9A46-0090273FC14D 0
InstallProtocolInterface: D3B36F2C-D551-11D4-9A46-0090273FC14D 0
InstallProtocolInterface: D3B36F2D-D551-11D4-9A46-0090273FC14D 0
PixelBlueGreenRedReserved8BitPerColor
PixelBlueGreenRedReserved8BitPerColor
PixelBlueGreenRedReserved8BitPerColor
InitializeBochsGraphicsMode: 800x600 @ 32
PixelBlueGreenRedReserved8BitPerColor
FrameBufferBase: 0x80000000, FrameBufferSize: 0x1D5000
0: shl:0 shr:0 mask:FF0000
1: shl:0 shr:0 mask:FF00
2: shl:0 shr:0 mask:FF
Bytes per pixel: 4
0: shl:0 shr:0 mask:FF0000
1: shl:0 shr:0 mask:FF00
2: shl:0 shr:0 mask:FF
Bytes per pixel: 4
GraphicsConsole video resolution 800 x 600
Graphics - Mode 0, Column = 80, Row = 25
Graphics - Mode 1, Column = 0, Row = 0
Graphics - Mode 2, Column = 100, Row = 31
Graphics Console Started, Mode: 0
InstallProtocolInterface: 387477C2-69C7-11D2-8E39-00A0C969723B 6C47D30
InstallProtocolInterface: D3B36F2C-D551-11D4-9A46-0090273FC14D 0
PixelBlueGreenRedReserved8BitPerColor
PixelBlueGreenRedReserved8BitPerColor
PixelBlueGreenRedReserved8BitPerColor
PixelBlueGreenRedReserved8BitPerColor
PixelBlueGreenRedReserved8BitPerColor
PixelBlueGreenRedReserved8BitPerColor
PixelBlueGreenRedReserved8BitPerColor
PixelBlueGreenRedReserved8BitPerColor
PixelBlueGreenRedReserved8BitPerColor
PixelBlueGreenRedReserved8BitPerColor
PixelBlueGreenRedReserved8BitPerColor
PixelBlueGreenRedReserved8BitPerColor
PixelBlueGreenRedReserved8BitPerColor
PixelBlueGreenRedReserved8BitPerColor
PixelBlueGreenRedReserved8BitPerColor
PixelBlueGreenRedReserved8BitPerColor
PixelBlueGreenRedReserved8BitPerColor
PixelBlueGreenRedReserved8BitPerColor
PixelBlueGreenRedReserved8BitPerColor
PixelBlueGreenRedReserved8BitPerColor
PixelBlueGreenRedReserved8BitPerColor
PixelBlueGreenRedReserved8BitPerColor
PixelBlueGreenRedReserved8BitPerColor
PixelBlueGreenRedReserved8BitPerColor
PixelBlueGreenRedReserved8BitPerColor
PixelBlueGreenRedReserved8BitPerColor
PixelBlueGreenRedReserved8BitPerColor
PixelBlueGreenRedReserved8BitPerColor
PixelBlueGreenRedReserved8BitPerColor
PixelBlueGreenRedReserved8BitPerColor
InstallProtocolInterface: 9042A9DE-23DC-4A38-96FB-7ADED080516A 6DA3FE0
ClockRate = 1843200
Divisor   = 1
BaudRate/Actual (115200/115200) = 100%
PciSioSerial: Create SIO child serial device - Device Error
InstallProtocolInterface: 387477C1-69C7-11D2-8E39-00A0C969723B 6C03028
InstallProtocolInterface: DD9E7534-7762-4698-8C14-F58517A625AA 6C03040
InstallProtocolInterface: D3B36F2B-D551-11D4-9A46-0090273FC14D 0
ClockRate = 1843200
Divisor   = 1
BaudRate/Actual (115200/115200) = 100%
PciSioSerial: Create SIO child serial device - Device Error
ClockRate = 1843200
Divisor   = 1
BaudRate/Actual (115200/115200) = 100%
PciSioSerial: Create SIO child serial device - Device Error
PlatformBootManagerAfterConsole
PlatformBdsPolicyBehavior: not restoring NvVars from disk since flash variables appear to be supported.
Boot Mode:0
PlatformBdsConnectSequence
Select Item: 0x19
EfiBootManagerConnectAll
ClockRate = 1843200
Divisor   = 1
BaudRate/Actual (115200/115200) = 100%
PciSioSerial: Create SIO child serial device - Device Error
SataControllerStart START
InstallProtocolInterface: A1E37052-80D9-4E65-A317-3E9A55C43EC9 6C02820
SataControllerStart END status = Success
==AtaAtapiPassThru Start== Controller = 6D3CC98
[primary  ] channel [master] [harddisk] device
Enabled S.M.A.R.T feature at [primary] channel [master] device!
CalculateBestPioMode: AdvancedPioMode = 3
IdeInitCalculateMode: PioMode = 4
CalculateBestUdmaMode: DeviceUDmaMode = 203F
IdeInitCalculateMode: UdmaMode = 5
[secondary] channel [master] [cdrom   ] device
CalculateBestPioMode: AdvancedPioMode = 3
IdeInitCalculateMode: PioMode = 3
CalculateBestUdmaMode: DeviceUDmaMode = 203F
IdeInitCalculateMode: UdmaMode = 5
InstallProtocolInterface: 1D3DE7F0-0807-424F-AA69-11A54E19A46F 6C025C0
InstallProtocolInterface: 143B7632-B81B-4CB7-ABD3-B625A5B9BFFE 6C02610
InstallProtocolInterface: 19DF145A-B1D4-453F-8507-38816676D7F6 6C01A98
AtaBus - Identify Device: Port 0 PortMultiplierPort 0
InstallProtocolInterface: 09576E91-6D3F-11D2-8E39-00A0C969723B 6BFFB18
InstallProtocolInterface: 964E5B21-6459-11D2-8E39-00A0C969723B 6BFFBA8
InstallProtocolInterface: A77B2472-E282-4E9F-A245-C2C0E27BBCC1 6BFFBD8
InstallProtocolInterface: D432A67F-14DC-484B-B3BB-3F0291849327 6BFFC30
Found TCG support in Port 0 PortMultiplierPort 0
InstallProtocolInterface: C88B0B6D-0DFC-49A7-9CB4-49074B4C3A78 6BFFC68
Successfully Install Storage Security Protocol on the ATA device
InstallProtocolInterface: 0167CCC4-D0F7-4F21-A3EF-9E64B7CDCE8B 6BFF320
InstallProtocolInterface: 09576E91-6D3F-11D2-8E39-00A0C969723B 6BFCB18
InstallProtocolInterface: 932F47E6-2362-4002-803E-3CD54B138F85 6BFCE28
InstallProtocolInterface: 964E5B21-6459-11D2-8E39-00A0C969723B 6BFC5B8
InstallProtocolInterface: A77B2472-E282-4E9F-A245-C2C0E27BBCC1 6BFC5E8
InstallProtocolInterface: D432A67F-14DC-484B-B3BB-3F0291849327 6BFC6E0
InstallProtocolInterface: CE345171-BA0B-11D2-8E4F-00A0C969723B 6BFBBA0
InstallProtocolInterface: 151C8EAE-7F2C-472C-9E54-9828194F6A88 6BFBBB8
 BlockSize : 2048 
 LastBlock : 0 
FatOpenDevice: read of part_lba failed No Media
InstallProtocolInterface: CE345171-BA0B-11D2-8E4F-00A0C969723B 6BFB1A0
InstallProtocolInterface: 151C8EAE-7F2C-472C-9E54-9828194F6A88 6BFB1B8
 BlockSize : 512 
 LastBlock : FBFFF 
InstallProtocolInterface: 09576E91-6D3F-11D2-8E39-00A0C969723B 6BFAF98
InstallProtocolInterface: 964E5B21-6459-11D2-8E39-00A0C969723B 6BFA0B0
InstallProtocolInterface: A77B2472-E282-4E9F-A245-C2C0E27BBCC1 6BFA0E0
InstallProtocolInterface: 8CF2F62C-BC9B-4821-808D-EC9EC421A1A0 6BFA168
InstallProtocolInterface: CE345171-BA0B-11D2-8E4F-00A0C969723B 6BFA3A0
InstallProtocolInterface: 151C8EAE-7F2C-472C-9E54-9828194F6A88 6BFA3B8
 BlockSize : 512 
 LastBlock : FBFC0 
InstallProtocolInterface: 964E5B22-6459-11D2-8E39-00A0C969723B 6BF8030
Installed Fat filesystem on 6BFAD98
ClockRate = 1843200
Divisor   = 1
BaudRate/Actual (115200/115200) = 100%
PciSioSerial: Create SIO child serial device - Device Error
SataControllerStart START
SataControllerStart error return status = Already started
 BlockSize : 2048 
 LastBlock : 0 
FatOpenDevice: read of part_lba failed No Media
 BlockSize : 512 
 LastBlock : FBFFF 
ClockRate = 1843200
Divisor   = 1
BaudRate/Actual (115200/115200) = 100%
PciSioSerial: Create SIO child serial device - Device Error
Select Item: 0x19
[Bds]OsIndication: 0000000000000000
[Bds]=============Begin Load Options Dumping ...=============
  Driver Options:
  SysPrep Options:
  Boot Options:
    Boot0000: UiApp 		 0x0109
    Boot0001: UEFI QEMU DVD-ROM QM00003  		 0x0001
    Boot0002: UEFI QEMU HARDDISK QM00001  		 0x0001
    Boot0003: EFI Internal Shell 		 0x0001
  PlatformRecovery Options:
    PlatformRecovery0000: Default PlatformRecovery 		 0x0001
[Bds]=============End Load Options Dumping=============
[Bds]BdsWait ...Zzzzzzzzzzzz...
[Bds]Exit the waiting!
[Bds]Stop Hotkey Service!
[Bds]UnregisterKeyNotify: 000C/0000 Success
[Bds]UnregisterKeyNotify: 0017/0000 Success
[Bds]UnregisterKeyNotify: 0000/000D Success
Memory  Previous  Current    Next   
 Type    Pages     Pages     Pages  
======  ========  ========  ========
  0A    00000080  00000022  00000080
  09    00000010  00000008  00000010
  00    00000080  00000022  00000080
  05    00000100  00000041  00000100
  06    00000100  000000B1  00000100
[Bds]Booting UEFI QEMU DVD-ROM QM00003 
FatOpenDevice: read of part_lba failed No Media
 BlockSize : 2048 
 LastBlock : 0 
FatOpenDevice: read of part_lba failed No Media
[Bds] Expand PciRoot(0x0)/Pci(0x1,0x1)/Ata(Secondary,Master,0x0) -> <null string>
Memory  Previous  Current    Next   
 Type    Pages     Pages     Pages  
======  ========  ========  ========
  0A    00000080  00000022  00000080
  09    00000010  00000008  00000010
  00    00000080  00000022  00000080
  05    00000100  00000041  00000100
  06    00000100  000000B1  00000100
[Bds]Booting UEFI QEMU HARDDISK QM00001 
 BlockSize : 512 
 LastBlock : FBFFF 
 BlockSize : 512 
 LastBlock : FBFFF 
[Bds] Expand PciRoot(0x0)/Pci(0x1,0x1)/Ata(Primary,Master,0x0) -> <null string>
Memory  Previous  Current    Next   
 Type    Pages     Pages     Pages  
======  ========  ========  ========
  0A    00000080  00000022  00000080
  09    00000010  00000008  00000010
  00    00000080  00000022  00000080
  05    00000100  00000041  00000100
  06    00000100  000000B1  00000100
[Bds]Booting EFI Internal Shell
[Bds] Expand Fv(7CB8BDC9-F8EB-4F34-AAEA-3EE4AF6516A1)/FvFile(7C04A583-9E3E-4F1C-AD65-E05268D0B4D1) -> Fv(7CB8BDC9-F8EB-4F34-AAEA-3EE4AF6516A1)/FvFile(7C04A583-9E3E-4F1C-AD65-E05268D0B4D1)
InstallProtocolInterface: 5B1B31A1-9562-11D2-8E3F-00A0C969723B 6BEE6C0
Loading driver at 0x0000645B000 EntryPoint=0x00006491D9C Shell.efi
InstallProtocolInterface: BC62157E-3E33-4FEC-9920-2D3B36D750DF 6C47518
ProtectUefiImageCommon - 0x6BEE6C0
  - 0x000000000645B000 - 0x00000000000E45C0
InstallProtocolInterface: 387477C2-69C7-11D2-8E39-00A0C969723B 66240A0
InstallProtocolInterface: 752F3136-4E16-4FDC-A22A-E5F46812F4CA 6623F18
InstallProtocolInterface: 6302D008-7F9B-4F30-87AC-60C9FEF5DA4E 6539D40
FSOpen: Open '\' Success
FSOpen: Open '.' Success
FSOpen: Open '\Uefi_Main.debug' Success
FSOpen: Open '\myTestProtocol.efi' Success
FSOpen: Open '\ShellApp_Main.debug' Success
FSOpen: Open '\Uefi_Main.efi' Success
FSOpen: Open '\HelloWorld.efi' Success
FSOpen: Open '\HelloWorld.debug' Success
FSOpen: Open '\ShellApp_Main.efi' Success
FSOpen: Open '\MyLibApp.efi' Success
FSOpen: Open '\MyLibApp.debug' Success
FSOpen: Open '\myTestProtocol.debug' Success
FSOpen: Open '\' Success
FSOpen: Open '.' Success
FSOpen: Open '\myTestProtocol.efi' Success
FSOpen: Open '\myTestProtocol.efi' Success
FSOpen: Open '\myTestProtocol.efi' Success
FSOpen: Open '\myTestProtocol.efi' Success
[Security] 3rd party image[0] can be loaded after EndOfDxe: PciRoot(0x0)/Pci(0x1,0x1)/Ata(Primary,Master,0x0)/HD(1,MBR,0xBE1AFDFA,0x3F,0xFBFC1)/\myTestProtocol.efi.
InstallProtocolInterface: 5B1B31A1-9562-11D2-8E3F-00A0C969723B 6611240
Loading driver at 0x000065D5000 EntryPoint=0x000065D64E8 myTestProtocol.efi
InstallProtocolInterface: BC62157E-3E33-4FEC-9920-2D3B36D750DF 6611D98
ProtectUefiImageCommon - 0x6611240
  - 0x00000000065D5000 - 0x0000000000001DC0
InstallProtocolInterface: 752F3136-4E16-4FDC-A22A-E5F46812F4CA 7E91678
FSOpen: Open '\' Success
FSOpen: Open '.' Success
FSOpen: Open '\' Success
FSOpen: Open '.' Success
FSOpen: Open '\' Success
FSOpen: Created new directory entry 'a'
FSOpen: Open '\a' Success
FSOpen: Created new directory entry 'a'
FSOpen: Open '\a' Success
InstallProtocolInterface: 387477C2-69C7-11D2-8E39-00A0C969723B 65D8D98
FSOpen: Open '\' Success
FSOpen: Open '.' Success
FSOpen: Open '\Uefi_Main.debug' Success
FSOpen: Open '\myTestProtocol.efi' Success
FSOpen: Open '\ShellApp_Main.debug' Success
FSOpen: Open '\Uefi_Main.efi' Success
FSOpen: Open '\HelloWorld.efi' Success
FSOpen: Open '\HelloWorld.debug' Success
FSOpen: Open '\ShellApp_Main.efi' Success
FSOpen: Open '\MyLibApp.efi' Success
FSOpen: Open '\MyLibApp.debug' Success
FSOpen: Open '\myTestProtocol.debug' Success
FSOpen: Open '\a' Success
FSOpen: Open '\' Success
FSOpen: Open '\' Success
FSOpen: Open '.' Success
FSOpen: Open '\a' Success
FSOpen: Open '\' Success
FSOpen: Open '\' Success
FSOpen: Open '\' Success
FSOpen: Open '\' Success
FSOpen: Open '\' Success
FSOpen: Open '.' Success
FSOpen: Open '\a' Success
FSOpen: Open '\' Success
FSOpen: Open '.' Success
FSOpen: Open '\Uefi_Main.debug' Success
FSOpen: Open '\myTestProtocol.efi' Success
FSOpen: Open '\ShellApp_Main.debug' Success
FSOpen: Open '\Uefi_Main.efi' Success
FSOpen: Open '\HelloWorld.efi' Success
FSOpen: Open '\HelloWorld.debug' Success
FSOpen: Open '\ShellApp_Main.efi' Success
FSOpen: Open '\MyLibApp.efi' Success
FSOpen: Open '\MyLibApp.debug' Success
FSOpen: Open '\myTestProtocol.debug' Success
FSOpen: Open '\a' Success
FSOpen: Open '\' Success
