/home/hcj/UEFIWorkspace/Build/OvmfX64/DEBUG_GCC5/X64/OvmfPkg/AmdSevDxe/AmdSevDxe/OUTPUT/AmdSevDxe.lib
/home/hcj/UEFIWorkspace/Build/OvmfX64/DEBUG_GCC5/X64/MdePkg/Library/RegisterFilterLibNull/RegisterFilterLibNull/OUTPUT/FilterLibNull.lib
/home/hcj/UEFIWorkspace/Build/OvmfX64/DEBUG_GCC5/X64/UefiCpuPkg/Library/BaseUefiCpuLib/BaseUefiCpuLib/OUTPUT/BaseUefiCpuLib.lib
/home/hcj/UEFIWorkspace/Build/OvmfX64/DEBUG_GCC5/X64/MdePkg/Library/BaseIoLibIntrinsic/BaseIoLibIntrinsicSev/OUTPUT/BaseIoLibIntrinsicSev.lib
/home/hcj/UEFIWorkspace/Build/OvmfX64/DEBUG_GCC5/X64/UefiCpuPkg/Library/BaseXApicX2ApicLib/BaseXApicX2ApicLib/OUTPUT/BaseXApicX2ApicLib.lib
/home/hcj/UEFIWorkspace/Build/OvmfX64/DEBUG_GCC5/X64/OvmfPkg/Library/VmgExitLib/VmgExitLib/OUTPUT/VmgExitLib.lib
/home/hcj/UEFIWorkspace/Build/OvmfX64/DEBUG_GCC5/X64/MdePkg/Library/BaseCpuLib/BaseCpuLib/OUTPUT/BaseCpuLib.lib
/home/hcj/UEFIWorkspace/Build/OvmfX64/DEBUG_GCC5/X64/MdePkg/Library/BaseCacheMaintenanceLib/BaseCacheMaintenanceLib/OUTPUT/BaseCacheMaintenanceLib.lib
/home/hcj/UEFIWorkspace/Build/OvmfX64/DEBUG_GCC5/X64/MdePkg/Library/DxePcdLib/DxePcdLib/OUTPUT/DxePcdLib.lib
/home/hcj/UEFIWorkspace/Build/OvmfX64/DEBUG_GCC5/X64/MdePkg/Library/UefiMemoryAllocationLib/UefiMemoryAllocationLib/OUTPUT/UefiMemoryAllocationLib.lib
/home/hcj/UEFIWorkspace/Build/OvmfX64/DEBUG_GCC5/X64/OvmfPkg/Library/BaseMemEncryptSevLib/DxeMemEncryptSevLib/OUTPUT/DxeMemEncryptSevLib.lib
/home/hcj/UEFIWorkspace/Build/OvmfX64/DEBUG_GCC5/X64/MdePkg/Library/BaseMemoryLibRepStr/BaseMemoryLibRepStr/OUTPUT/BaseMemoryLibRepStr.lib
/home/hcj/UEFIWorkspace/Build/OvmfX64/DEBUG_GCC5/X64/MdePkg/Library/BaseLib/BaseLib/OUTPUT/BaseLib.lib
/home/hcj/UEFIWorkspace/Build/OvmfX64/DEBUG_GCC5/X64/MdePkg/Library/BaseDebugPrintErrorLevelLib/BaseDebugPrintErrorLevelLib/OUTPUT/BaseDebugPrintErrorLevelLib.lib
/home/hcj/UEFIWorkspace/Build/OvmfX64/DEBUG_GCC5/X64/MdePkg/Library/BasePrintLib/BasePrintLib/OUTPUT/BasePrintLib.lib
/home/hcj/UEFIWorkspace/Build/OvmfX64/DEBUG_GCC5/X64/OvmfPkg/Library/PlatformDebugLibIoPort/PlatformDebugLibIoPort/OUTPUT/PlatformDebugLibIoPort.lib
/home/hcj/UEFIWorkspace/Build/OvmfX64/DEBUG_GCC5/X64/MdePkg/Library/UefiBootServicesTableLib/UefiBootServicesTableLib/OUTPUT/UefiBootServicesTableLib.lib
/home/hcj/UEFIWorkspace/Build/OvmfX64/DEBUG_GCC5/X64/MdePkg/Library/BasePciCf8Lib/BasePciCf8Lib/OUTPUT/BasePciCf8Lib.lib
/home/hcj/UEFIWorkspace/Build/OvmfX64/DEBUG_GCC5/X64/MdePkg/Library/BasePciLibCf8/BasePciLibCf8/OUTPUT/BasePciLibCf8.lib
/home/hcj/UEFIWorkspace/Build/OvmfX64/DEBUG_GCC5/X64/OvmfPkg/Library/AcpiTimerLib/DxeAcpiTimerLib/OUTPUT/DxeAcpiTimerLib.lib
/home/hcj/UEFIWorkspace/Build/OvmfX64/DEBUG_GCC5/X64/MdePkg/Library/UefiRuntimeServicesTableLib/UefiRuntimeServicesTableLib/OUTPUT/UefiRuntimeServicesTableLib.lib
/home/hcj/UEFIWorkspace/Build/OvmfX64/DEBUG_GCC5/X64/MdePkg/Library/UefiDevicePathLibDevicePathProtocol/UefiDevicePathLibDevicePathProtocol/OUTPUT/UefiDevicePathLibDevicePathProtocol.lib
/home/hcj/UEFIWorkspace/Build/OvmfX64/DEBUG_GCC5/X64/MdePkg/Library/UefiLib/UefiLib/OUTPUT/UefiLib.lib
/home/hcj/UEFIWorkspace/Build/OvmfX64/DEBUG_GCC5/X64/MdePkg/Library/DxeServicesTableLib/DxeServicesTableLib/OUTPUT/DxeServicesTableLib.lib
/home/hcj/UEFIWorkspace/Build/OvmfX64/DEBUG_GCC5/X64/MdePkg/Library/UefiDriverEntryPoint/UefiDriverEntryPoint/OUTPUT/UefiDriverEntryPoint.lib