/home/hcj/UEFIWorkspace/Build/Mde/DEBUG_GCC5/X64/MdePkg/Library/BaseMemoryLibOptDxe/BaseMemoryLibOptDxe/OUTPUT/X64/ScanMem64.obj
/home/hcj/UEFIWorkspace/Build/Mde/DEBUG_GCC5/X64/MdePkg/Library/BaseMemoryLibOptDxe/BaseMemoryLibOptDxe/OUTPUT/X64/ScanMem32.obj
/home/hcj/UEFIWorkspace/Build/Mde/DEBUG_GCC5/X64/MdePkg/Library/BaseMemoryLibOptDxe/BaseMemoryLibOptDxe/OUTPUT/X64/ScanMem16.obj
/home/hcj/UEFIWorkspace/Build/Mde/DEBUG_GCC5/X64/MdePkg/Library/BaseMemoryLibOptDxe/BaseMemoryLibOptDxe/OUTPUT/X64/ScanMem8.obj
/home/hcj/UEFIWorkspace/Build/Mde/DEBUG_GCC5/X64/MdePkg/Library/BaseMemoryLibOptDxe/BaseMemoryLibOptDxe/OUTPUT/X64/CompareMem.obj
/home/hcj/UEFIWorkspace/Build/Mde/DEBUG_GCC5/X64/MdePkg/Library/BaseMemoryLibOptDxe/BaseMemoryLibOptDxe/OUTPUT/X64/ZeroMem.obj
/home/hcj/UEFIWorkspace/Build/Mde/DEBUG_GCC5/X64/MdePkg/Library/BaseMemoryLibOptDxe/BaseMemoryLibOptDxe/OUTPUT/X64/SetMem64.obj
/home/hcj/UEFIWorkspace/Build/Mde/DEBUG_GCC5/X64/MdePkg/Library/BaseMemoryLibOptDxe/BaseMemoryLibOptDxe/OUTPUT/X64/SetMem32.obj
/home/hcj/UEFIWorkspace/Build/Mde/DEBUG_GCC5/X64/MdePkg/Library/BaseMemoryLibOptDxe/BaseMemoryLibOptDxe/OUTPUT/X64/SetMem16.obj
/home/hcj/UEFIWorkspace/Build/Mde/DEBUG_GCC5/X64/MdePkg/Library/BaseMemoryLibOptDxe/BaseMemoryLibOptDxe/OUTPUT/X64/SetMem.obj
/home/hcj/UEFIWorkspace/Build/Mde/DEBUG_GCC5/X64/MdePkg/Library/BaseMemoryLibOptDxe/BaseMemoryLibOptDxe/OUTPUT/X64/CopyMem.obj
/home/hcj/UEFIWorkspace/Build/Mde/DEBUG_GCC5/X64/MdePkg/Library/BaseMemoryLibOptDxe/BaseMemoryLibOptDxe/OUTPUT/X64/IsZeroBuffer.obj
/home/hcj/UEFIWorkspace/Build/Mde/DEBUG_GCC5/X64/MdePkg/Library/BaseMemoryLibOptDxe/BaseMemoryLibOptDxe/OUTPUT/MemLibGuid.obj
/home/hcj/UEFIWorkspace/Build/Mde/DEBUG_GCC5/X64/MdePkg/Library/BaseMemoryLibOptDxe/BaseMemoryLibOptDxe/OUTPUT/ScanMem64Wrapper.obj
/home/hcj/UEFIWorkspace/Build/Mde/DEBUG_GCC5/X64/MdePkg/Library/BaseMemoryLibOptDxe/BaseMemoryLibOptDxe/OUTPUT/ScanMem32Wrapper.obj
/home/hcj/UEFIWorkspace/Build/Mde/DEBUG_GCC5/X64/MdePkg/Library/BaseMemoryLibOptDxe/BaseMemoryLibOptDxe/OUTPUT/ScanMem16Wrapper.obj
/home/hcj/UEFIWorkspace/Build/Mde/DEBUG_GCC5/X64/MdePkg/Library/BaseMemoryLibOptDxe/BaseMemoryLibOptDxe/OUTPUT/ScanMem8Wrapper.obj
/home/hcj/UEFIWorkspace/Build/Mde/DEBUG_GCC5/X64/MdePkg/Library/BaseMemoryLibOptDxe/BaseMemoryLibOptDxe/OUTPUT/ZeroMemWrapper.obj
/home/hcj/UEFIWorkspace/Build/Mde/DEBUG_GCC5/X64/MdePkg/Library/BaseMemoryLibOptDxe/BaseMemoryLibOptDxe/OUTPUT/CompareMemWrapper.obj
/home/hcj/UEFIWorkspace/Build/Mde/DEBUG_GCC5/X64/MdePkg/Library/BaseMemoryLibOptDxe/BaseMemoryLibOptDxe/OUTPUT/SetMem64Wrapper.obj
/home/hcj/UEFIWorkspace/Build/Mde/DEBUG_GCC5/X64/MdePkg/Library/BaseMemoryLibOptDxe/BaseMemoryLibOptDxe/OUTPUT/SetMem32Wrapper.obj
/home/hcj/UEFIWorkspace/Build/Mde/DEBUG_GCC5/X64/MdePkg/Library/BaseMemoryLibOptDxe/BaseMemoryLibOptDxe/OUTPUT/SetMem16Wrapper.obj
/home/hcj/UEFIWorkspace/Build/Mde/DEBUG_GCC5/X64/MdePkg/Library/BaseMemoryLibOptDxe/BaseMemoryLibOptDxe/OUTPUT/SetMemWrapper.obj
/home/hcj/UEFIWorkspace/Build/Mde/DEBUG_GCC5/X64/MdePkg/Library/BaseMemoryLibOptDxe/BaseMemoryLibOptDxe/OUTPUT/CopyMemWrapper.obj
/home/hcj/UEFIWorkspace/Build/Mde/DEBUG_GCC5/X64/MdePkg/Library/BaseMemoryLibOptDxe/BaseMemoryLibOptDxe/OUTPUT/IsZeroBufferWrapper.obj